This is pdfTeX, Version 3.14159265-2.6-1.40.21 (MiKTeX 2.9.7350 64-bit) (preloaded format=pdflatex 2020.4.9)  20 MAY 2020 02:46
entering extended mode
**./_cover-page.tex
(_cover-page.tex
LaTeX2e <2020-02-02> patch level 5
L3 programming layer <2020-03-06>
("C:\Program Files\MiKTeX 2.9\tex/latex/base\article.cls"
Document Class: article 2019/12/20 v1.4l Standard LaTeX document class
("C:\Program Files\MiKTeX 2.9\tex/latex/base\size10.clo"
File: size10.clo 2019/12/20 v1.4l Standard LaTeX file (size option)
)
\c@part=\count167
\c@section=\count168
\c@subsection=\count169
\c@subsubsection=\count170
\c@paragraph=\count171
\c@subparagraph=\count172
\c@figure=\count173
\c@table=\count174
\abovecaptionskip=\skip47
\belowcaptionskip=\skip48
\bibindent=\dimen134
)
("C:\Program Files\MiKTeX 2.9\tex/latex/pdfpages\pdfpages.sty"
Package: pdfpages 2020/01/28 v0.5q Insert pages of external PDF documents (AM)

("C:\Program Files\MiKTeX 2.9\tex/latex/base\ifthen.sty"
Package: ifthen 2014/09/29 v1.1c Standard LaTeX ifthen package (DPC)
)
("C:\Program Files\MiKTeX 2.9\tex/latex/tools\calc.sty"
Package: calc 2017/05/25 v4.3 Infix arithmetic (KKT,FJ)
\calc@Acount=\count175
\calc@Bcount=\count176
\calc@Adimen=\dimen135
\calc@Bdimen=\dimen136
\calc@Askip=\skip49
\calc@Bskip=\skip50
LaTeX Info: Redefining \setlength on input line 80.
LaTeX Info: Redefining \addtolength on input line 81.
\calc@Ccount=\count177
\calc@Cskip=\skip51
)
("C:\Program Files\MiKTeX 2.9\tex/latex/eso-pic\eso-pic.sty"
Package: eso-pic 2018/04/12 v2.0h eso-pic (RN)

("C:\Program Files\MiKTeX 2.9\tex/generic/atbegshi\atbegshi.sty"
Package: atbegshi 2019/12/05 v1.19 At begin shipout hook (HO)

("C:\Program Files\MiKTeX 2.9\tex/generic/infwarerr\infwarerr.sty"
Package: infwarerr 2019/12/03 v1.5 Providing info/warning/error messages (HO)
)
("C:\Program Files\MiKTeX 2.9\tex/generic/ltxcmds\ltxcmds.sty"
Package: ltxcmds 2019/12/15 v1.24 LaTeX kernel commands for general use (HO)
)
("C:\Program Files\MiKTeX 2.9\tex/generic/iftex\iftex.sty"
Package: iftex 2020/03/06 v1.0d TeX engine tests
))
("C:\Program Files\MiKTeX 2.9\tex/latex/graphics\keyval.sty"
Package: keyval 2014/10/28 v1.15 key=value parser (DPC)
\KV@toks@=\toks15
)
("C:\Program Files\MiKTeX 2.9\tex/latex/xcolor\xcolor.sty"
Package: xcolor 2016/05/11 v2.12 LaTeX color extensions (UK)

("C:\Program Files\MiKTeX 2.9\tex/latex/graphics-cfg\color.cfg"
File: color.cfg 2016/01/02 v1.6 sample color configuration
)
Package xcolor Info: Driver file: pdftex.def on input line 225.

("C:\Program Files\MiKTeX 2.9\tex/latex/graphics-def\pdftex.def"
File: pdftex.def 2018/01/08 v1.0l Graphics/color driver for pdftex
)
Package xcolor Info: Model `cmy' substituted by `cmy0' on input line 1348.
Package xcolor Info: Model `hsb' substituted by `rgb' on input line 1352.
Package xcolor Info: Model `RGB' extended on input line 1364.
Package xcolor Info: Model `HTML' substituted by `rgb' on input line 1366.
Package xcolor Info: Model `Hsb' substituted by `hsb' on input line 1367.
Package xcolor Info: Model `tHsb' substituted by `hsb' on input line 1368.
Package xcolor Info: Model `HSB' substituted by `hsb' on input line 1369.
Package xcolor Info: Model `Gray' substituted by `gray' on input line 1370.
Package xcolor Info: Model `wave' substituted by `hsb' on input line 1371.
))
("C:\Program Files\MiKTeX 2.9\tex/latex/graphics\graphicx.sty"
Package: graphicx 2019/11/30 v1.2a Enhanced LaTeX Graphics (DPC,SPQR)

("C:\Program Files\MiKTeX 2.9\tex/latex/graphics\graphics.sty"
Package: graphics 2019/11/30 v1.4a Standard LaTeX Graphics (DPC,SPQR)

("C:\Program Files\MiKTeX 2.9\tex/latex/graphics\trig.sty"
Package: trig 2016/01/03 v1.10 sin cos tan (DPC)
)
("C:\Program Files\MiKTeX 2.9\tex/latex/graphics-cfg\graphics.cfg"
File: graphics.cfg 2016/06/04 v1.11 sample graphics configuration
)
Package graphics Info: Driver file: pdftex.def on input line 105.
)
\Gin@req@height=\dimen137
\Gin@req@width=\dimen138
)
\AM@pagewidth=\dimen139
\AM@pageheight=\dimen140

("C:\Program Files\MiKTeX 2.9\tex/latex/pdfpages\pppdftex.def"
File: pppdftex.def 2020/01/28 v0.5q Pdfpages driver for pdfTeX (AM)
)
\AM@pagebox=\box45
\AM@global@opts=\toks16
\AM@pagecnt=\count178
\AM@toc@title=\toks17
\c@AM@survey=\count179
\AM@templatesizebox=\box46
)
("C:\Program Files\MiKTeX 2.9\tex/latex/l3backend\l3backend-pdfmode.def"
File: l3backend-pdfmode.def 2020-03-12 L3 backend support: PDF mode
\l__kernel_color_stack_int=\count180
\l__pdf_internal_box=\box47
)
(_cover-page.aux)
\openout1 = `_cover-page.aux'.

LaTeX Font Info:    Checking defaults for OML/cmm/m/it on input line 3.
LaTeX Font Info:    ... okay on input line 3.
LaTeX Font Info:    Checking defaults for OMS/cmsy/m/n on input line 3.
LaTeX Font Info:    ... okay on input line 3.
LaTeX Font Info:    Checking defaults for OT1/cmr/m/n on input line 3.
LaTeX Font Info:    ... okay on input line 3.
LaTeX Font Info:    Checking defaults for T1/cmr/m/n on input line 3.
LaTeX Font Info:    ... okay on input line 3.
LaTeX Font Info:    Checking defaults for TS1/cmr/m/n on input line 3.
LaTeX Font Info:    ... okay on input line 3.
LaTeX Font Info:    Checking defaults for OMX/cmex/m/n on input line 3.
LaTeX Font Info:    ... okay on input line 3.
LaTeX Font Info:    Checking defaults for U/cmr/m/n on input line 3.
LaTeX Font Info:    ... okay on input line 3.
\AtBeginShipoutBox=\box48

("C:\Program Files\MiKTeX 2.9\tex/context/base/mkii\supp-pdf.mkii"
[Loading MPS to PDF converter (version 2006.09.02).]
\scratchcounter=\count181
\scratchdimen=\dimen141
\scratchbox=\box49
\nofMPsegments=\count182
\nofMParguments=\count183
\everyMPshowfont=\toks18
\MPscratchCnt=\count184
\MPscratchDim=\dimen142
\MPnumerator=\count185
\makeMPintoPDFobject=\count186
\everyMPtoPDFconversion=\toks19
) ("C:\Program Files\MiKTeX 2.9\tex/latex/epstopdf-pkg\epstopdf-base.sty"
Package: epstopdf-base 2020-01-24 v2.11 Base part for package epstopdf
Package epstopdf-base Info: Redefining graphics rule for `.eps' on input line 4
85.
)
("C:\Program Files\MiKTeX 2.9\tex/latex/pdflscape\pdflscape.sty"
Package: pdflscape 2019/12/05 v0.12 Display of landscape pages in PDF (HO)

("C:\Program Files\MiKTeX 2.9\tex/latex/graphics\lscape.sty"
Package: lscape 2000/10/22 v3.01 Landscape Pages (DPC)
)
Package pdflscape Info: Auto-detected driver: pdftex on input line 81.
)
<images/cover/cover.pdf, id=1, 614.295pt x 794.97pt>
File: images/cover/cover.pdf Graphic file (type pdf)
<use images/cover/cover.pdf>
Package pdftex.def Info: images/cover/cover.pdf  used on input line 4.
(pdftex.def)             Requested size: 614.29349pt x 794.96806pt.
File: images/cover/cover.pdf Graphic file (type pdf)
<use images/cover/cover.pdf>
Package pdftex.def Info: images/cover/cover.pdf  used on input line 4.
(pdftex.def)             Requested size: 614.29349pt x 794.96806pt.
<images/cover/cover.pdf, id=4, page=1, 614.295pt x 794.97pt>
File: images/cover/cover.pdf Graphic file (type pdf)
<use images/cover/cover.pdf, page 1>
Package pdftex.def Info: images/cover/cover.pdf , page1 used on input line 4.
(pdftex.def)             Requested size: 614.29349pt x 794.96806pt.
File: images/cover/cover.pdf Graphic file (type pdf)
<use images/cover/cover.pdf, page 1>
Package pdftex.def Info: images/cover/cover.pdf , page1 used on input line 4.
(pdftex.def)             Requested size: 614.58406pt x 795.3441pt.
File: images/cover/cover.pdf Graphic file (type pdf)
<use images/cover/cover.pdf, page 1>
Package pdftex.def Info: images/cover/cover.pdf , page1 used on input line 4.
(pdftex.def)             Requested size: 614.58406pt x 795.3441pt.
File: images/cover/cover.pdf Graphic file (type pdf)
<use images/cover/cover.pdf, page 1>
Package pdftex.def Info: images/cover/cover.pdf , page1 used on input line 4.
(pdftex.def)             Requested size: 614.58406pt x 795.3441pt.
File: images/cover/cover.pdf Graphic file (type pdf)
<use images/cover/cover.pdf, page 1>
Package pdftex.def Info: images/cover/cover.pdf , page1 used on input line 4.
(pdftex.def)             Requested size: 614.58406pt x 795.3441pt.
 [1

 <./images/cover/cover.pdf>]
<_book/liedboek.pdf, id=32, 614.295pt x 794.97pt>
File: _book/liedboek.pdf Graphic file (type pdf)
<use _book/liedboek.pdf>
Package pdftex.def Info: _book/liedboek.pdf  used on input line 5.
(pdftex.def)             Requested size: 614.29349pt x 794.96806pt.
File: _book/liedboek.pdf Graphic file (type pdf)
<use _book/liedboek.pdf>
Package pdftex.def Info: _book/liedboek.pdf  used on input line 5.
(pdftex.def)             Requested size: 614.29349pt x 794.96806pt.
<_book/liedboek.pdf, id=35, page=1, 614.295pt x 794.97pt>
File: _book/liedboek.pdf Graphic file (type pdf)
<use _book/liedboek.pdf, page 1>
Package pdftex.def Info: _book/liedboek.pdf , page1 used on input line 5.
(pdftex.def)             Requested size: 614.29349pt x 794.96806pt.
File: _book/liedboek.pdf Graphic file (type pdf)
<use _book/liedboek.pdf, page 1>
Package pdftex.def Info: _book/liedboek.pdf , page1 used on input line 5.
(pdftex.def)             Requested size: 614.58406pt x 795.3441pt.
File: _book/liedboek.pdf Graphic file (type pdf)
<use _book/liedboek.pdf, page 1>
Package pdftex.def Info: _book/liedboek.pdf , page1 used on input line 5.
(pdftex.def)             Requested size: 614.58406pt x 795.3441pt.
File: _book/liedboek.pdf Graphic file (type pdf)
<use _book/liedboek.pdf, page 1>
Package pdftex.def Info: _book/liedboek.pdf , page1 used on input line 5.
(pdftex.def)             Requested size: 614.58406pt x 795.3441pt.
File: _book/liedboek.pdf Graphic file (type pdf)
<use _book/liedboek.pdf, page 1>
Package pdftex.def Info: _book/liedboek.pdf , page1 used on input line 5.
(pdftex.def)             Requested size: 614.58406pt x 795.3441pt.
 [2 <./_book/liedboek.pdf>]
<_book/liedboek.pdf, id=54, page=2, 614.295pt x 794.97pt>
File: _book/liedboek.pdf Graphic file (type pdf)
<use _book/liedboek.pdf, page 2>
Package pdftex.def Info: _book/liedboek.pdf , page2 used on input line 5.
(pdftex.def)             Requested size: 614.58406pt x 795.3441pt.
File: _book/liedboek.pdf Graphic file (type pdf)
<use _book/liedboek.pdf, page 2>
Package pdftex.def Info: _book/liedboek.pdf , page2 used on input line 5.
(pdftex.def)             Requested size: 614.58406pt x 795.3441pt.
File: _book/liedboek.pdf Graphic file (type pdf)
<use _book/liedboek.pdf, page 2>
Package pdftex.def Info: _book/liedboek.pdf , page2 used on input line 5.
(pdftex.def)             Requested size: 614.58406pt x 795.3441pt.
 [3 <./_book/liedboek.pdf>]
<_book/liedboek.pdf, id=65, page=3, 614.295pt x 794.97pt>
File: _book/liedboek.pdf Graphic file (type pdf)
<use _book/liedboek.pdf, page 3>
Package pdftex.def Info: _book/liedboek.pdf , page3 used on input line 5.
(pdftex.def)             Requested size: 614.58406pt x 795.3441pt.
File: _book/liedboek.pdf Graphic file (type pdf)
<use _book/liedboek.pdf, page 3>
Package pdftex.def Info: _book/liedboek.pdf , page3 used on input line 5.
(pdftex.def)             Requested size: 614.58406pt x 795.3441pt.
File: _book/liedboek.pdf Graphic file (type pdf)
<use _book/liedboek.pdf, page 3>
Package pdftex.def Info: _book/liedboek.pdf , page3 used on input line 5.
(pdftex.def)             Requested size: 614.58406pt x 795.3441pt.
 [4 <./_book/liedboek.pdf>]
<_book/liedboek.pdf, id=90, page=4, 614.295pt x 794.97pt>
File: _book/liedboek.pdf Graphic file (type pdf)
<use _book/liedboek.pdf, page 4>
Package pdftex.def Info: _book/liedboek.pdf , page4 used on input line 5.
(pdftex.def)             Requested size: 614.58406pt x 795.3441pt.
File: _book/liedboek.pdf Graphic file (type pdf)
<use _book/liedboek.pdf, page 4>
Package pdftex.def Info: _book/liedboek.pdf , page4 used on input line 5.
(pdftex.def)             Requested size: 614.58406pt x 795.3441pt.
File: _book/liedboek.pdf Graphic file (type pdf)
<use _book/liedboek.pdf, page 4>
Package pdftex.def Info: _book/liedboek.pdf , page4 used on input line 5.
(pdftex.def)             Requested size: 614.58406pt x 795.3441pt.
 [5 <./_book/liedboek.pdf>]
<_book/liedboek.pdf, id=101, page=5, 614.295pt x 794.97pt>
File: _book/liedboek.pdf Graphic file (type pdf)
<use _book/liedboek.pdf, page 5>
Package pdftex.def Info: _book/liedboek.pdf , page5 used on input line 5.
(pdftex.def)             Requested size: 614.58406pt x 795.3441pt.
File: _book/liedboek.pdf Graphic file (type pdf)
<use _book/liedboek.pdf, page 5>
Package pdftex.def Info: _book/liedboek.pdf , page5 used on input line 5.
(pdftex.def)             Requested size: 614.58406pt x 795.3441pt.
File: _book/liedboek.pdf Graphic file (type pdf)
<use _book/liedboek.pdf, page 5>
Package pdftex.def Info: _book/liedboek.pdf , page5 used on input line 5.
(pdftex.def)             Requested size: 614.58406pt x 795.3441pt.
 [6 <./_book/liedboek.pdf>]
<_book/liedboek.pdf, id=120, page=6, 614.295pt x 794.97pt>
File: _book/liedboek.pdf Graphic file (type pdf)
<use _book/liedboek.pdf, page 6>
Package pdftex.def Info: _book/liedboek.pdf , page6 used on input line 5.
(pdftex.def)             Requested size: 614.58406pt x 795.3441pt.
File: _book/liedboek.pdf Graphic file (type pdf)
<use _book/liedboek.pdf, page 6>
Package pdftex.def Info: _book/liedboek.pdf , page6 used on input line 5.
(pdftex.def)             Requested size: 614.58406pt x 795.3441pt.
File: _book/liedboek.pdf Graphic file (type pdf)
<use _book/liedboek.pdf, page 6>
Package pdftex.def Info: _book/liedboek.pdf , page6 used on input line 5.
(pdftex.def)             Requested size: 614.58406pt x 795.3441pt.
 [7 <./_book/liedboek.pdf>]
<_book/liedboek.pdf, id=125, page=7, 614.295pt x 794.97pt>
File: _book/liedboek.pdf Graphic file (type pdf)
<use _book/liedboek.pdf, page 7>
Package pdftex.def Info: _book/liedboek.pdf , page7 used on input line 5.
(pdftex.def)             Requested size: 614.58406pt x 795.3441pt.
File: _book/liedboek.pdf Graphic file (type pdf)
<use _book/liedboek.pdf, page 7>
Package pdftex.def Info: _book/liedboek.pdf , page7 used on input line 5.
(pdftex.def)             Requested size: 614.58406pt x 795.3441pt.
File: _book/liedboek.pdf Graphic file (type pdf)
<use _book/liedboek.pdf, page 7>
Package pdftex.def Info: _book/liedboek.pdf , page7 used on input line 5.
(pdftex.def)             Requested size: 614.58406pt x 795.3441pt.
 [8 <./_book/liedboek.pdf>]
<_book/liedboek.pdf, id=130, page=8, 614.295pt x 794.97pt>
File: _book/liedboek.pdf Graphic file (type pdf)
<use _book/liedboek.pdf, page 8>
Package pdftex.def Info: _book/liedboek.pdf , page8 used on input line 5.
(pdftex.def)             Requested size: 614.58406pt x 795.3441pt.
File: _book/liedboek.pdf Graphic file (type pdf)
<use _book/liedboek.pdf, page 8>
Package pdftex.def Info: _book/liedboek.pdf , page8 used on input line 5.
(pdftex.def)             Requested size: 614.58406pt x 795.3441pt.
File: _book/liedboek.pdf Graphic file (type pdf)
<use _book/liedboek.pdf, page 8>
Package pdftex.def Info: _book/liedboek.pdf , page8 used on input line 5.
(pdftex.def)             Requested size: 614.58406pt x 795.3441pt.
 [9 <./_book/liedboek.pdf>]
<_book/liedboek.pdf, id=143, page=9, 614.295pt x 794.97pt>
File: _book/liedboek.pdf Graphic file (type pdf)
<use _book/liedboek.pdf, page 9>
Package pdftex.def Info: _book/liedboek.pdf , page9 used on input line 5.
(pdftex.def)             Requested size: 614.58406pt x 795.3441pt.
File: _book/liedboek.pdf Graphic file (type pdf)
<use _book/liedboek.pdf, page 9>
Package pdftex.def Info: _book/liedboek.pdf , page9 used on input line 5.
(pdftex.def)             Requested size: 614.58406pt x 795.3441pt.
File: _book/liedboek.pdf Graphic file (type pdf)
<use _book/liedboek.pdf, page 9>
Package pdftex.def Info: _book/liedboek.pdf , page9 used on input line 5.
(pdftex.def)             Requested size: 614.58406pt x 795.3441pt.

[10 <./_book/liedboek.pdf>]
<_book/liedboek.pdf, id=148, page=10, 614.295pt x 794.97pt>
File: _book/liedboek.pdf Graphic file (type pdf)
<use _book/liedboek.pdf, page 10>
Package pdftex.def Info: _book/liedboek.pdf , page10 used on input line 5.
(pdftex.def)             Requested size: 614.58406pt x 795.3441pt.
File: _book/liedboek.pdf Graphic file (type pdf)
<use _book/liedboek.pdf, page 10>
Package pdftex.def Info: _book/liedboek.pdf , page10 used on input line 5.
(pdftex.def)             Requested size: 614.58406pt x 795.3441pt.
File: _book/liedboek.pdf Graphic file (type pdf)
<use _book/liedboek.pdf, page 10>
Package pdftex.def Info: _book/liedboek.pdf , page10 used on input line 5.
(pdftex.def)             Requested size: 614.58406pt x 795.3441pt.
 [11 <./_book/liedboek.pdf>]
<_book/liedboek.pdf, id=153, page=11, 614.295pt x 794.97pt>
File: _book/liedboek.pdf Graphic file (type pdf)
<use _book/liedboek.pdf, page 11>
Package pdftex.def Info: _book/liedboek.pdf , page11 used on input line 5.
(pdftex.def)             Requested size: 614.58406pt x 795.3441pt.
File: _book/liedboek.pdf Graphic file (type pdf)
<use _book/liedboek.pdf, page 11>
Package pdftex.def Info: _book/liedboek.pdf , page11 used on input line 5.
(pdftex.def)             Requested size: 614.58406pt x 795.3441pt.
File: _book/liedboek.pdf Graphic file (type pdf)
<use _book/liedboek.pdf, page 11>
Package pdftex.def Info: _book/liedboek.pdf , page11 used on input line 5.
(pdftex.def)             Requested size: 614.58406pt x 795.3441pt.
 [12 <./_book/liedboek.pdf>]
<_book/liedboek.pdf, id=157, page=12, 614.295pt x 794.97pt>
File: _book/liedboek.pdf Graphic file (type pdf)
<use _book/liedboek.pdf, page 12>
Package pdftex.def Info: _book/liedboek.pdf , page12 used on input line 5.
(pdftex.def)             Requested size: 614.58406pt x 795.3441pt.
File: _book/liedboek.pdf Graphic file (type pdf)
<use _book/liedboek.pdf, page 12>
Package pdftex.def Info: _book/liedboek.pdf , page12 used on input line 5.
(pdftex.def)             Requested size: 614.58406pt x 795.3441pt.
File: _book/liedboek.pdf Graphic file (type pdf)
<use _book/liedboek.pdf, page 12>
Package pdftex.def Info: _book/liedboek.pdf , page12 used on input line 5.
(pdftex.def)             Requested size: 614.58406pt x 795.3441pt.
 [13 <./_book/liedboek.pdf>]
<_book/liedboek.pdf, id=163, page=13, 614.295pt x 794.97pt>
File: _book/liedboek.pdf Graphic file (type pdf)
<use _book/liedboek.pdf, page 13>
Package pdftex.def Info: _book/liedboek.pdf , page13 used on input line 5.
(pdftex.def)             Requested size: 614.58406pt x 795.3441pt.
File: _book/liedboek.pdf Graphic file (type pdf)
<use _book/liedboek.pdf, page 13>
Package pdftex.def Info: _book/liedboek.pdf , page13 used on input line 5.
(pdftex.def)             Requested size: 614.58406pt x 795.3441pt.
File: _book/liedboek.pdf Graphic file (type pdf)
<use _book/liedboek.pdf, page 13>
Package pdftex.def Info: _book/liedboek.pdf , page13 used on input line 5.
(pdftex.def)             Requested size: 614.58406pt x 795.3441pt.
 [14 <./_book/liedboek.pdf>]
<_book/liedboek.pdf, id=167, page=14, 614.295pt x 794.97pt>
File: _book/liedboek.pdf Graphic file (type pdf)
<use _book/liedboek.pdf, page 14>
Package pdftex.def Info: _book/liedboek.pdf , page14 used on input line 5.
(pdftex.def)             Requested size: 614.58406pt x 795.3441pt.
File: _book/liedboek.pdf Graphic file (type pdf)
<use _book/liedboek.pdf, page 14>
Package pdftex.def Info: _book/liedboek.pdf , page14 used on input line 5.
(pdftex.def)             Requested size: 614.58406pt x 795.3441pt.
File: _book/liedboek.pdf Graphic file (type pdf)
<use _book/liedboek.pdf, page 14>
Package pdftex.def Info: _book/liedboek.pdf , page14 used on input line 5.
(pdftex.def)             Requested size: 614.58406pt x 795.3441pt.
 [15 <./_book/liedboek.pdf>]
<_book/liedboek.pdf, id=172, page=15, 614.295pt x 794.97pt>
File: _book/liedboek.pdf Graphic file (type pdf)
<use _book/liedboek.pdf, page 15>
Package pdftex.def Info: _book/liedboek.pdf , page15 used on input line 5.
(pdftex.def)             Requested size: 614.58406pt x 795.3441pt.
File: _book/liedboek.pdf Graphic file (type pdf)
<use _book/liedboek.pdf, page 15>
Package pdftex.def Info: _book/liedboek.pdf , page15 used on input line 5.
(pdftex.def)             Requested size: 614.58406pt x 795.3441pt.
File: _book/liedboek.pdf Graphic file (type pdf)
<use _book/liedboek.pdf, page 15>
Package pdftex.def Info: _book/liedboek.pdf , page15 used on input line 5.
(pdftex.def)             Requested size: 614.58406pt x 795.3441pt.
 [16 <./_book/liedboek.pdf>]
<_book/liedboek.pdf, id=176, page=16, 614.295pt x 794.97pt>
File: _book/liedboek.pdf Graphic file (type pdf)
<use _book/liedboek.pdf, page 16>
Package pdftex.def Info: _book/liedboek.pdf , page16 used on input line 5.
(pdftex.def)             Requested size: 614.58406pt x 795.3441pt.
File: _book/liedboek.pdf Graphic file (type pdf)
<use _book/liedboek.pdf, page 16>
Package pdftex.def Info: _book/liedboek.pdf , page16 used on input line 5.
(pdftex.def)             Requested size: 614.58406pt x 795.3441pt.
File: _book/liedboek.pdf Graphic file (type pdf)
<use _book/liedboek.pdf, page 16>
Package pdftex.def Info: _book/liedboek.pdf , page16 used on input line 5.
(pdftex.def)             Requested size: 614.58406pt x 795.3441pt.
 [17 <./_book/liedboek.pdf>]
<_book/liedboek.pdf, id=180, page=17, 614.295pt x 794.97pt>
File: _book/liedboek.pdf Graphic file (type pdf)
<use _book/liedboek.pdf, page 17>
Package pdftex.def Info: _book/liedboek.pdf , page17 used on input line 5.
(pdftex.def)             Requested size: 614.58406pt x 795.3441pt.
File: _book/liedboek.pdf Graphic file (type pdf)
<use _book/liedboek.pdf, page 17>
Package pdftex.def Info: _book/liedboek.pdf , page17 used on input line 5.
(pdftex.def)             Requested size: 614.58406pt x 795.3441pt.
File: _book/liedboek.pdf Graphic file (type pdf)
<use _book/liedboek.pdf, page 17>
Package pdftex.def Info: _book/liedboek.pdf , page17 used on input line 5.
(pdftex.def)             Requested size: 614.58406pt x 795.3441pt.
 [18 <./_book/liedboek.pdf>]
<_book/liedboek.pdf, id=185, page=18, 614.295pt x 794.97pt>
File: _book/liedboek.pdf Graphic file (type pdf)
<use _book/liedboek.pdf, page 18>
Package pdftex.def Info: _book/liedboek.pdf , page18 used on input line 5.
(pdftex.def)             Requested size: 614.58406pt x 795.3441pt.
File: _book/liedboek.pdf Graphic file (type pdf)
<use _book/liedboek.pdf, page 18>
Package pdftex.def Info: _book/liedboek.pdf , page18 used on input line 5.
(pdftex.def)             Requested size: 614.58406pt x 795.3441pt.
File: _book/liedboek.pdf Graphic file (type pdf)
<use _book/liedboek.pdf, page 18>
Package pdftex.def Info: _book/liedboek.pdf , page18 used on input line 5.
(pdftex.def)             Requested size: 614.58406pt x 795.3441pt.
 [19 <./_book/liedboek.pdf>]
<_book/liedboek.pdf, id=191, page=19, 614.295pt x 794.97pt>
File: _book/liedboek.pdf Graphic file (type pdf)
<use _book/liedboek.pdf, page 19>
Package pdftex.def Info: _book/liedboek.pdf , page19 used on input line 5.
(pdftex.def)             Requested size: 614.58406pt x 795.3441pt.
File: _book/liedboek.pdf Graphic file (type pdf)
<use _book/liedboek.pdf, page 19>
Package pdftex.def Info: _book/liedboek.pdf , page19 used on input line 5.
(pdftex.def)             Requested size: 614.58406pt x 795.3441pt.
File: _book/liedboek.pdf Graphic file (type pdf)
<use _book/liedboek.pdf, page 19>
Package pdftex.def Info: _book/liedboek.pdf , page19 used on input line 5.
(pdftex.def)             Requested size: 614.58406pt x 795.3441pt.
 [20 <./_book/liedboek.pdf>]
<_book/liedboek.pdf, id=195, page=20, 614.295pt x 794.97pt>
File: _book/liedboek.pdf Graphic file (type pdf)
<use _book/liedboek.pdf, page 20>
Package pdftex.def Info: _book/liedboek.pdf , page20 used on input line 5.
(pdftex.def)             Requested size: 614.58406pt x 795.3441pt.
File: _book/liedboek.pdf Graphic file (type pdf)
<use _book/liedboek.pdf, page 20>
Package pdftex.def Info: _book/liedboek.pdf , page20 used on input line 5.
(pdftex.def)             Requested size: 614.58406pt x 795.3441pt.
File: _book/liedboek.pdf Graphic file (type pdf)
<use _book/liedboek.pdf, page 20>
Package pdftex.def Info: _book/liedboek.pdf , page20 used on input line 5.
(pdftex.def)             Requested size: 614.58406pt x 795.3441pt.
 [21 <./_book/liedboek.pdf>]
<_book/liedboek.pdf, id=199, page=21, 614.295pt x 794.97pt>
File: _book/liedboek.pdf Graphic file (type pdf)
<use _book/liedboek.pdf, page 21>
Package pdftex.def Info: _book/liedboek.pdf , page21 used on input line 5.
(pdftex.def)             Requested size: 614.58406pt x 795.3441pt.
File: _book/liedboek.pdf Graphic file (type pdf)
<use _book/liedboek.pdf, page 21>
Package pdftex.def Info: _book/liedboek.pdf , page21 used on input line 5.
(pdftex.def)             Requested size: 614.58406pt x 795.3441pt.
File: _book/liedboek.pdf Graphic file (type pdf)
<use _book/liedboek.pdf, page 21>
Package pdftex.def Info: _book/liedboek.pdf , page21 used on input line 5.
(pdftex.def)             Requested size: 614.58406pt x 795.3441pt.
 [22 <./_book/liedboek.pdf>]
<_book/liedboek.pdf, id=204, page=22, 614.295pt x 794.97pt>
File: _book/liedboek.pdf Graphic file (type pdf)
<use _book/liedboek.pdf, page 22>
Package pdftex.def Info: _book/liedboek.pdf , page22 used on input line 5.
(pdftex.def)             Requested size: 614.58406pt x 795.3441pt.
File: _book/liedboek.pdf Graphic file (type pdf)
<use _book/liedboek.pdf, page 22>
Package pdftex.def Info: _book/liedboek.pdf , page22 used on input line 5.
(pdftex.def)             Requested size: 614.58406pt x 795.3441pt.
File: _book/liedboek.pdf Graphic file (type pdf)
<use _book/liedboek.pdf, page 22>
Package pdftex.def Info: _book/liedboek.pdf , page22 used on input line 5.
(pdftex.def)             Requested size: 614.58406pt x 795.3441pt.
 [23 <./_book/liedboek.pdf>]
<_book/liedboek.pdf, id=209, page=23, 614.295pt x 794.97pt>
File: _book/liedboek.pdf Graphic file (type pdf)
<use _book/liedboek.pdf, page 23>
Package pdftex.def Info: _book/liedboek.pdf , page23 used on input line 5.
(pdftex.def)             Requested size: 614.58406pt x 795.3441pt.
File: _book/liedboek.pdf Graphic file (type pdf)
<use _book/liedboek.pdf, page 23>
Package pdftex.def Info: _book/liedboek.pdf , page23 used on input line 5.
(pdftex.def)             Requested size: 614.58406pt x 795.3441pt.
File: _book/liedboek.pdf Graphic file (type pdf)
<use _book/liedboek.pdf, page 23>
Package pdftex.def Info: _book/liedboek.pdf , page23 used on input line 5.
(pdftex.def)             Requested size: 614.58406pt x 795.3441pt.

[24 <./_book/liedboek.pdf>]
<_book/liedboek.pdf, id=213, page=24, 614.295pt x 794.97pt>
File: _book/liedboek.pdf Graphic file (type pdf)
<use _book/liedboek.pdf, page 24>
Package pdftex.def Info: _book/liedboek.pdf , page24 used on input line 5.
(pdftex.def)             Requested size: 614.58406pt x 795.3441pt.
File: _book/liedboek.pdf Graphic file (type pdf)
<use _book/liedboek.pdf, page 24>
Package pdftex.def Info: _book/liedboek.pdf , page24 used on input line 5.
(pdftex.def)             Requested size: 614.58406pt x 795.3441pt.
File: _book/liedboek.pdf Graphic file (type pdf)
<use _book/liedboek.pdf, page 24>
Package pdftex.def Info: _book/liedboek.pdf , page24 used on input line 5.
(pdftex.def)             Requested size: 614.58406pt x 795.3441pt.
 [25 <./_book/liedboek.pdf>]
<_book/liedboek.pdf, id=219, page=25, 614.295pt x 794.97pt>
File: _book/liedboek.pdf Graphic file (type pdf)
<use _book/liedboek.pdf, page 25>
Package pdftex.def Info: _book/liedboek.pdf , page25 used on input line 5.
(pdftex.def)             Requested size: 614.58406pt x 795.3441pt.
File: _book/liedboek.pdf Graphic file (type pdf)
<use _book/liedboek.pdf, page 25>
Package pdftex.def Info: _book/liedboek.pdf , page25 used on input line 5.
(pdftex.def)             Requested size: 614.58406pt x 795.3441pt.
File: _book/liedboek.pdf Graphic file (type pdf)
<use _book/liedboek.pdf, page 25>
Package pdftex.def Info: _book/liedboek.pdf , page25 used on input line 5.
(pdftex.def)             Requested size: 614.58406pt x 795.3441pt.
 [26 <./_book/liedboek.pdf>]
<_book/liedboek.pdf, id=223, page=26, 614.295pt x 794.97pt>
File: _book/liedboek.pdf Graphic file (type pdf)
<use _book/liedboek.pdf, page 26>
Package pdftex.def Info: _book/liedboek.pdf , page26 used on input line 5.
(pdftex.def)             Requested size: 614.58406pt x 795.3441pt.
File: _book/liedboek.pdf Graphic file (type pdf)
<use _book/liedboek.pdf, page 26>
Package pdftex.def Info: _book/liedboek.pdf , page26 used on input line 5.
(pdftex.def)             Requested size: 614.58406pt x 795.3441pt.
File: _book/liedboek.pdf Graphic file (type pdf)
<use _book/liedboek.pdf, page 26>
Package pdftex.def Info: _book/liedboek.pdf , page26 used on input line 5.
(pdftex.def)             Requested size: 614.58406pt x 795.3441pt.
 [27 <./_book/liedboek.pdf>]
<_book/liedboek.pdf, id=228, page=27, 614.295pt x 794.97pt>
File: _book/liedboek.pdf Graphic file (type pdf)
<use _book/liedboek.pdf, page 27>
Package pdftex.def Info: _book/liedboek.pdf , page27 used on input line 5.
(pdftex.def)             Requested size: 614.58406pt x 795.3441pt.
File: _book/liedboek.pdf Graphic file (type pdf)
<use _book/liedboek.pdf, page 27>
Package pdftex.def Info: _book/liedboek.pdf , page27 used on input line 5.
(pdftex.def)             Requested size: 614.58406pt x 795.3441pt.
File: _book/liedboek.pdf Graphic file (type pdf)
<use _book/liedboek.pdf, page 27>
Package pdftex.def Info: _book/liedboek.pdf , page27 used on input line 5.
(pdftex.def)             Requested size: 614.58406pt x 795.3441pt.
 [28 <./_book/liedboek.pdf>]
<_book/liedboek.pdf, id=232, page=28, 614.295pt x 794.97pt>
File: _book/liedboek.pdf Graphic file (type pdf)
<use _book/liedboek.pdf, page 28>
Package pdftex.def Info: _book/liedboek.pdf , page28 used on input line 5.
(pdftex.def)             Requested size: 614.58406pt x 795.3441pt.
File: _book/liedboek.pdf Graphic file (type pdf)
<use _book/liedboek.pdf, page 28>
Package pdftex.def Info: _book/liedboek.pdf , page28 used on input line 5.
(pdftex.def)             Requested size: 614.58406pt x 795.3441pt.
File: _book/liedboek.pdf Graphic file (type pdf)
<use _book/liedboek.pdf, page 28>
Package pdftex.def Info: _book/liedboek.pdf , page28 used on input line 5.
(pdftex.def)             Requested size: 614.58406pt x 795.3441pt.
 [29 <./_book/liedboek.pdf>]
<_book/liedboek.pdf, id=237, page=29, 614.295pt x 794.97pt>
File: _book/liedboek.pdf Graphic file (type pdf)
<use _book/liedboek.pdf, page 29>
Package pdftex.def Info: _book/liedboek.pdf , page29 used on input line 5.
(pdftex.def)             Requested size: 614.58406pt x 795.3441pt.
File: _book/liedboek.pdf Graphic file (type pdf)
<use _book/liedboek.pdf, page 29>
Package pdftex.def Info: _book/liedboek.pdf , page29 used on input line 5.
(pdftex.def)             Requested size: 614.58406pt x 795.3441pt.
File: _book/liedboek.pdf Graphic file (type pdf)
<use _book/liedboek.pdf, page 29>
Package pdftex.def Info: _book/liedboek.pdf , page29 used on input line 5.
(pdftex.def)             Requested size: 614.58406pt x 795.3441pt.
 [30 <./_book/liedboek.pdf>]
<_book/liedboek.pdf, id=241, page=30, 614.295pt x 794.97pt>
File: _book/liedboek.pdf Graphic file (type pdf)
<use _book/liedboek.pdf, page 30>
Package pdftex.def Info: _book/liedboek.pdf , page30 used on input line 5.
(pdftex.def)             Requested size: 614.58406pt x 795.3441pt.
File: _book/liedboek.pdf Graphic file (type pdf)
<use _book/liedboek.pdf, page 30>
Package pdftex.def Info: _book/liedboek.pdf , page30 used on input line 5.
(pdftex.def)             Requested size: 614.58406pt x 795.3441pt.
File: _book/liedboek.pdf Graphic file (type pdf)
<use _book/liedboek.pdf, page 30>
Package pdftex.def Info: _book/liedboek.pdf , page30 used on input line 5.
(pdftex.def)             Requested size: 614.58406pt x 795.3441pt.
 [31 <./_book/liedboek.pdf>]
<_book/liedboek.pdf, id=247, page=31, 614.295pt x 794.97pt>
File: _book/liedboek.pdf Graphic file (type pdf)
<use _book/liedboek.pdf, page 31>
Package pdftex.def Info: _book/liedboek.pdf , page31 used on input line 5.
(pdftex.def)             Requested size: 614.58406pt x 795.3441pt.
File: _book/liedboek.pdf Graphic file (type pdf)
<use _book/liedboek.pdf, page 31>
Package pdftex.def Info: _book/liedboek.pdf , page31 used on input line 5.
(pdftex.def)             Requested size: 614.58406pt x 795.3441pt.
File: _book/liedboek.pdf Graphic file (type pdf)
<use _book/liedboek.pdf, page 31>
Package pdftex.def Info: _book/liedboek.pdf , page31 used on input line 5.
(pdftex.def)             Requested size: 614.58406pt x 795.3441pt.
 [32 <./_book/liedboek.pdf>]
<_book/liedboek.pdf, id=251, page=32, 614.295pt x 794.97pt>
File: _book/liedboek.pdf Graphic file (type pdf)
<use _book/liedboek.pdf, page 32>
Package pdftex.def Info: _book/liedboek.pdf , page32 used on input line 5.
(pdftex.def)             Requested size: 614.58406pt x 795.3441pt.
File: _book/liedboek.pdf Graphic file (type pdf)
<use _book/liedboek.pdf, page 32>
Package pdftex.def Info: _book/liedboek.pdf , page32 used on input line 5.
(pdftex.def)             Requested size: 614.58406pt x 795.3441pt.
File: _book/liedboek.pdf Graphic file (type pdf)
<use _book/liedboek.pdf, page 32>
Package pdftex.def Info: _book/liedboek.pdf , page32 used on input line 5.
(pdftex.def)             Requested size: 614.58406pt x 795.3441pt.
 [33 <./_book/liedboek.pdf>]
<_book/liedboek.pdf, id=256, page=33, 614.295pt x 794.97pt>
File: _book/liedboek.pdf Graphic file (type pdf)
<use _book/liedboek.pdf, page 33>
Package pdftex.def Info: _book/liedboek.pdf , page33 used on input line 5.
(pdftex.def)             Requested size: 614.58406pt x 795.3441pt.
File: _book/liedboek.pdf Graphic file (type pdf)
<use _book/liedboek.pdf, page 33>
Package pdftex.def Info: _book/liedboek.pdf , page33 used on input line 5.
(pdftex.def)             Requested size: 614.58406pt x 795.3441pt.
File: _book/liedboek.pdf Graphic file (type pdf)
<use _book/liedboek.pdf, page 33>
Package pdftex.def Info: _book/liedboek.pdf , page33 used on input line 5.
(pdftex.def)             Requested size: 614.58406pt x 795.3441pt.
 [34 <./_book/liedboek.pdf>]
<_book/liedboek.pdf, id=260, page=34, 614.295pt x 794.97pt>
File: _book/liedboek.pdf Graphic file (type pdf)
<use _book/liedboek.pdf, page 34>
Package pdftex.def Info: _book/liedboek.pdf , page34 used on input line 5.
(pdftex.def)             Requested size: 614.58406pt x 795.3441pt.
File: _book/liedboek.pdf Graphic file (type pdf)
<use _book/liedboek.pdf, page 34>
Package pdftex.def Info: _book/liedboek.pdf , page34 used on input line 5.
(pdftex.def)             Requested size: 614.58406pt x 795.3441pt.
File: _book/liedboek.pdf Graphic file (type pdf)
<use _book/liedboek.pdf, page 34>
Package pdftex.def Info: _book/liedboek.pdf , page34 used on input line 5.
(pdftex.def)             Requested size: 614.58406pt x 795.3441pt.
 [35 <./_book/liedboek.pdf>]
<_book/liedboek.pdf, id=265, page=35, 614.295pt x 794.97pt>
File: _book/liedboek.pdf Graphic file (type pdf)
<use _book/liedboek.pdf, page 35>
Package pdftex.def Info: _book/liedboek.pdf , page35 used on input line 5.
(pdftex.def)             Requested size: 614.58406pt x 795.3441pt.
File: _book/liedboek.pdf Graphic file (type pdf)
<use _book/liedboek.pdf, page 35>
Package pdftex.def Info: _book/liedboek.pdf , page35 used on input line 5.
(pdftex.def)             Requested size: 614.58406pt x 795.3441pt.
File: _book/liedboek.pdf Graphic file (type pdf)
<use _book/liedboek.pdf, page 35>
Package pdftex.def Info: _book/liedboek.pdf , page35 used on input line 5.
(pdftex.def)             Requested size: 614.58406pt x 795.3441pt.
 [36 <./_book/liedboek.pdf>]
<_book/liedboek.pdf, id=269, page=36, 614.295pt x 794.97pt>
File: _book/liedboek.pdf Graphic file (type pdf)
<use _book/liedboek.pdf, page 36>
Package pdftex.def Info: _book/liedboek.pdf , page36 used on input line 5.
(pdftex.def)             Requested size: 614.58406pt x 795.3441pt.
File: _book/liedboek.pdf Graphic file (type pdf)
<use _book/liedboek.pdf, page 36>
Package pdftex.def Info: _book/liedboek.pdf , page36 used on input line 5.
(pdftex.def)             Requested size: 614.58406pt x 795.3441pt.
File: _book/liedboek.pdf Graphic file (type pdf)
<use _book/liedboek.pdf, page 36>
Package pdftex.def Info: _book/liedboek.pdf , page36 used on input line 5.
(pdftex.def)             Requested size: 614.58406pt x 795.3441pt.
 [37 <./_book/liedboek.pdf>]
<_book/liedboek.pdf, id=275, page=37, 614.295pt x 794.97pt>
File: _book/liedboek.pdf Graphic file (type pdf)
<use _book/liedboek.pdf, page 37>
Package pdftex.def Info: _book/liedboek.pdf , page37 used on input line 5.
(pdftex.def)             Requested size: 614.58406pt x 795.3441pt.
File: _book/liedboek.pdf Graphic file (type pdf)
<use _book/liedboek.pdf, page 37>
Package pdftex.def Info: _book/liedboek.pdf , page37 used on input line 5.
(pdftex.def)             Requested size: 614.58406pt x 795.3441pt.
File: _book/liedboek.pdf Graphic file (type pdf)
<use _book/liedboek.pdf, page 37>
Package pdftex.def Info: _book/liedboek.pdf , page37 used on input line 5.
(pdftex.def)             Requested size: 614.58406pt x 795.3441pt.

[38 <./_book/liedboek.pdf>]
<_book/liedboek.pdf, id=279, page=38, 614.295pt x 794.97pt>
File: _book/liedboek.pdf Graphic file (type pdf)
<use _book/liedboek.pdf, page 38>
Package pdftex.def Info: _book/liedboek.pdf , page38 used on input line 5.
(pdftex.def)             Requested size: 614.58406pt x 795.3441pt.
File: _book/liedboek.pdf Graphic file (type pdf)
<use _book/liedboek.pdf, page 38>
Package pdftex.def Info: _book/liedboek.pdf , page38 used on input line 5.
(pdftex.def)             Requested size: 614.58406pt x 795.3441pt.
File: _book/liedboek.pdf Graphic file (type pdf)
<use _book/liedboek.pdf, page 38>
Package pdftex.def Info: _book/liedboek.pdf , page38 used on input line 5.
(pdftex.def)             Requested size: 614.58406pt x 795.3441pt.
 [39 <./_book/liedboek.pdf>]
<_book/liedboek.pdf, id=284, page=39, 614.295pt x 794.97pt>
File: _book/liedboek.pdf Graphic file (type pdf)
<use _book/liedboek.pdf, page 39>
Package pdftex.def Info: _book/liedboek.pdf , page39 used on input line 5.
(pdftex.def)             Requested size: 614.58406pt x 795.3441pt.
File: _book/liedboek.pdf Graphic file (type pdf)
<use _book/liedboek.pdf, page 39>
Package pdftex.def Info: _book/liedboek.pdf , page39 used on input line 5.
(pdftex.def)             Requested size: 614.58406pt x 795.3441pt.
File: _book/liedboek.pdf Graphic file (type pdf)
<use _book/liedboek.pdf, page 39>
Package pdftex.def Info: _book/liedboek.pdf , page39 used on input line 5.
(pdftex.def)             Requested size: 614.58406pt x 795.3441pt.
 [40 <./_book/liedboek.pdf>]
<_book/liedboek.pdf, id=288, page=40, 614.295pt x 794.97pt>
File: _book/liedboek.pdf Graphic file (type pdf)
<use _book/liedboek.pdf, page 40>
Package pdftex.def Info: _book/liedboek.pdf , page40 used on input line 5.
(pdftex.def)             Requested size: 614.58406pt x 795.3441pt.
File: _book/liedboek.pdf Graphic file (type pdf)
<use _book/liedboek.pdf, page 40>
Package pdftex.def Info: _book/liedboek.pdf , page40 used on input line 5.
(pdftex.def)             Requested size: 614.58406pt x 795.3441pt.
File: _book/liedboek.pdf Graphic file (type pdf)
<use _book/liedboek.pdf, page 40>
Package pdftex.def Info: _book/liedboek.pdf , page40 used on input line 5.
(pdftex.def)             Requested size: 614.58406pt x 795.3441pt.
 [41 <./_book/liedboek.pdf>]
<_book/liedboek.pdf, id=293, page=41, 614.295pt x 794.97pt>
File: _book/liedboek.pdf Graphic file (type pdf)
<use _book/liedboek.pdf, page 41>
Package pdftex.def Info: _book/liedboek.pdf , page41 used on input line 5.
(pdftex.def)             Requested size: 614.58406pt x 795.3441pt.
File: _book/liedboek.pdf Graphic file (type pdf)
<use _book/liedboek.pdf, page 41>
Package pdftex.def Info: _book/liedboek.pdf , page41 used on input line 5.
(pdftex.def)             Requested size: 614.58406pt x 795.3441pt.
File: _book/liedboek.pdf Graphic file (type pdf)
<use _book/liedboek.pdf, page 41>
Package pdftex.def Info: _book/liedboek.pdf , page41 used on input line 5.
(pdftex.def)             Requested size: 614.58406pt x 795.3441pt.
 [42 <./_book/liedboek.pdf>]
<_book/liedboek.pdf, id=297, page=42, 614.295pt x 794.97pt>
File: _book/liedboek.pdf Graphic file (type pdf)
<use _book/liedboek.pdf, page 42>
Package pdftex.def Info: _book/liedboek.pdf , page42 used on input line 5.
(pdftex.def)             Requested size: 614.58406pt x 795.3441pt.
File: _book/liedboek.pdf Graphic file (type pdf)
<use _book/liedboek.pdf, page 42>
Package pdftex.def Info: _book/liedboek.pdf , page42 used on input line 5.
(pdftex.def)             Requested size: 614.58406pt x 795.3441pt.
File: _book/liedboek.pdf Graphic file (type pdf)
<use _book/liedboek.pdf, page 42>
Package pdftex.def Info: _book/liedboek.pdf , page42 used on input line 5.
(pdftex.def)             Requested size: 614.58406pt x 795.3441pt.
 [43 <./_book/liedboek.pdf>]
<_book/liedboek.pdf, id=303, page=43, 614.295pt x 794.97pt>
File: _book/liedboek.pdf Graphic file (type pdf)
<use _book/liedboek.pdf, page 43>
Package pdftex.def Info: _book/liedboek.pdf , page43 used on input line 5.
(pdftex.def)             Requested size: 614.58406pt x 795.3441pt.
File: _book/liedboek.pdf Graphic file (type pdf)
<use _book/liedboek.pdf, page 43>
Package pdftex.def Info: _book/liedboek.pdf , page43 used on input line 5.
(pdftex.def)             Requested size: 614.58406pt x 795.3441pt.
File: _book/liedboek.pdf Graphic file (type pdf)
<use _book/liedboek.pdf, page 43>
Package pdftex.def Info: _book/liedboek.pdf , page43 used on input line 5.
(pdftex.def)             Requested size: 614.58406pt x 795.3441pt.
 [44 <./_book/liedboek.pdf>]
<_book/liedboek.pdf, id=307, page=44, 614.295pt x 794.97pt>
File: _book/liedboek.pdf Graphic file (type pdf)
<use _book/liedboek.pdf, page 44>
Package pdftex.def Info: _book/liedboek.pdf , page44 used on input line 5.
(pdftex.def)             Requested size: 614.58406pt x 795.3441pt.
File: _book/liedboek.pdf Graphic file (type pdf)
<use _book/liedboek.pdf, page 44>
Package pdftex.def Info: _book/liedboek.pdf , page44 used on input line 5.
(pdftex.def)             Requested size: 614.58406pt x 795.3441pt.
File: _book/liedboek.pdf Graphic file (type pdf)
<use _book/liedboek.pdf, page 44>
Package pdftex.def Info: _book/liedboek.pdf , page44 used on input line 5.
(pdftex.def)             Requested size: 614.58406pt x 795.3441pt.
 [45 <./_book/liedboek.pdf>]
<_book/liedboek.pdf, id=312, page=45, 614.295pt x 794.97pt>
File: _book/liedboek.pdf Graphic file (type pdf)
<use _book/liedboek.pdf, page 45>
Package pdftex.def Info: _book/liedboek.pdf , page45 used on input line 5.
(pdftex.def)             Requested size: 614.58406pt x 795.3441pt.
File: _book/liedboek.pdf Graphic file (type pdf)
<use _book/liedboek.pdf, page 45>
Package pdftex.def Info: _book/liedboek.pdf , page45 used on input line 5.
(pdftex.def)             Requested size: 614.58406pt x 795.3441pt.
File: _book/liedboek.pdf Graphic file (type pdf)
<use _book/liedboek.pdf, page 45>
Package pdftex.def Info: _book/liedboek.pdf , page45 used on input line 5.
(pdftex.def)             Requested size: 614.58406pt x 795.3441pt.
 [46 <./_book/liedboek.pdf>]
<_book/liedboek.pdf, id=317, page=46, 614.295pt x 794.97pt>
File: _book/liedboek.pdf Graphic file (type pdf)
<use _book/liedboek.pdf, page 46>
Package pdftex.def Info: _book/liedboek.pdf , page46 used on input line 5.
(pdftex.def)             Requested size: 614.58406pt x 795.3441pt.
File: _book/liedboek.pdf Graphic file (type pdf)
<use _book/liedboek.pdf, page 46>
Package pdftex.def Info: _book/liedboek.pdf , page46 used on input line 5.
(pdftex.def)             Requested size: 614.58406pt x 795.3441pt.
File: _book/liedboek.pdf Graphic file (type pdf)
<use _book/liedboek.pdf, page 46>
Package pdftex.def Info: _book/liedboek.pdf , page46 used on input line 5.
(pdftex.def)             Requested size: 614.58406pt x 795.3441pt.
 [47 <./_book/liedboek.pdf>]
<_book/liedboek.pdf, id=321, page=47, 614.295pt x 794.97pt>
File: _book/liedboek.pdf Graphic file (type pdf)
<use _book/liedboek.pdf, page 47>
Package pdftex.def Info: _book/liedboek.pdf , page47 used on input line 5.
(pdftex.def)             Requested size: 614.58406pt x 795.3441pt.
File: _book/liedboek.pdf Graphic file (type pdf)
<use _book/liedboek.pdf, page 47>
Package pdftex.def Info: _book/liedboek.pdf , page47 used on input line 5.
(pdftex.def)             Requested size: 614.58406pt x 795.3441pt.
File: _book/liedboek.pdf Graphic file (type pdf)
<use _book/liedboek.pdf, page 47>
Package pdftex.def Info: _book/liedboek.pdf , page47 used on input line 5.
(pdftex.def)             Requested size: 614.58406pt x 795.3441pt.
 [48 <./_book/liedboek.pdf>]
<_book/liedboek.pdf, id=326, page=48, 614.295pt x 794.97pt>
File: _book/liedboek.pdf Graphic file (type pdf)
<use _book/liedboek.pdf, page 48>
Package pdftex.def Info: _book/liedboek.pdf , page48 used on input line 5.
(pdftex.def)             Requested size: 614.58406pt x 795.3441pt.
File: _book/liedboek.pdf Graphic file (type pdf)
<use _book/liedboek.pdf, page 48>
Package pdftex.def Info: _book/liedboek.pdf , page48 used on input line 5.
(pdftex.def)             Requested size: 614.58406pt x 795.3441pt.
File: _book/liedboek.pdf Graphic file (type pdf)
<use _book/liedboek.pdf, page 48>
Package pdftex.def Info: _book/liedboek.pdf , page48 used on input line 5.
(pdftex.def)             Requested size: 614.58406pt x 795.3441pt.
 [49 <./_book/liedboek.pdf>]
<_book/liedboek.pdf, id=331, page=49, 614.295pt x 794.97pt>
File: _book/liedboek.pdf Graphic file (type pdf)
<use _book/liedboek.pdf, page 49>
Package pdftex.def Info: _book/liedboek.pdf , page49 used on input line 5.
(pdftex.def)             Requested size: 614.58406pt x 795.3441pt.
File: _book/liedboek.pdf Graphic file (type pdf)
<use _book/liedboek.pdf, page 49>
Package pdftex.def Info: _book/liedboek.pdf , page49 used on input line 5.
(pdftex.def)             Requested size: 614.58406pt x 795.3441pt.
File: _book/liedboek.pdf Graphic file (type pdf)
<use _book/liedboek.pdf, page 49>
Package pdftex.def Info: _book/liedboek.pdf , page49 used on input line 5.
(pdftex.def)             Requested size: 614.58406pt x 795.3441pt.
 [50 <./_book/liedboek.pdf>]
<_book/liedboek.pdf, id=336, page=50, 614.295pt x 794.97pt>
File: _book/liedboek.pdf Graphic file (type pdf)
<use _book/liedboek.pdf, page 50>
Package pdftex.def Info: _book/liedboek.pdf , page50 used on input line 5.
(pdftex.def)             Requested size: 614.58406pt x 795.3441pt.
File: _book/liedboek.pdf Graphic file (type pdf)
<use _book/liedboek.pdf, page 50>
Package pdftex.def Info: _book/liedboek.pdf , page50 used on input line 5.
(pdftex.def)             Requested size: 614.58406pt x 795.3441pt.
File: _book/liedboek.pdf Graphic file (type pdf)
<use _book/liedboek.pdf, page 50>
Package pdftex.def Info: _book/liedboek.pdf , page50 used on input line 5.
(pdftex.def)             Requested size: 614.58406pt x 795.3441pt.
 [51 <./_book/liedboek.pdf>]
<_book/liedboek.pdf, id=340, page=51, 614.295pt x 794.97pt>
File: _book/liedboek.pdf Graphic file (type pdf)
<use _book/liedboek.pdf, page 51>
Package pdftex.def Info: _book/liedboek.pdf , page51 used on input line 5.
(pdftex.def)             Requested size: 614.58406pt x 795.3441pt.
File: _book/liedboek.pdf Graphic file (type pdf)
<use _book/liedboek.pdf, page 51>
Package pdftex.def Info: _book/liedboek.pdf , page51 used on input line 5.
(pdftex.def)             Requested size: 614.58406pt x 795.3441pt.
File: _book/liedboek.pdf Graphic file (type pdf)
<use _book/liedboek.pdf, page 51>
Package pdftex.def Info: _book/liedboek.pdf , page51 used on input line 5.
(pdftex.def)             Requested size: 614.58406pt x 795.3441pt.

[52 <./_book/liedboek.pdf>]
<_book/liedboek.pdf, id=344, page=52, 614.295pt x 794.97pt>
File: _book/liedboek.pdf Graphic file (type pdf)
<use _book/liedboek.pdf, page 52>
Package pdftex.def Info: _book/liedboek.pdf , page52 used on input line 5.
(pdftex.def)             Requested size: 614.58406pt x 795.3441pt.
File: _book/liedboek.pdf Graphic file (type pdf)
<use _book/liedboek.pdf, page 52>
Package pdftex.def Info: _book/liedboek.pdf , page52 used on input line 5.
(pdftex.def)             Requested size: 614.58406pt x 795.3441pt.
File: _book/liedboek.pdf Graphic file (type pdf)
<use _book/liedboek.pdf, page 52>
Package pdftex.def Info: _book/liedboek.pdf , page52 used on input line 5.
(pdftex.def)             Requested size: 614.58406pt x 795.3441pt.
 [53 <./_book/liedboek.pdf>]
<_book/liedboek.pdf, id=349, page=53, 614.295pt x 794.97pt>
File: _book/liedboek.pdf Graphic file (type pdf)
<use _book/liedboek.pdf, page 53>
Package pdftex.def Info: _book/liedboek.pdf , page53 used on input line 5.
(pdftex.def)             Requested size: 614.58406pt x 795.3441pt.
File: _book/liedboek.pdf Graphic file (type pdf)
<use _book/liedboek.pdf, page 53>
Package pdftex.def Info: _book/liedboek.pdf , page53 used on input line 5.
(pdftex.def)             Requested size: 614.58406pt x 795.3441pt.
File: _book/liedboek.pdf Graphic file (type pdf)
<use _book/liedboek.pdf, page 53>
Package pdftex.def Info: _book/liedboek.pdf , page53 used on input line 5.
(pdftex.def)             Requested size: 614.58406pt x 795.3441pt.
 [54 <./_book/liedboek.pdf>]
<_book/liedboek.pdf, id=353, page=54, 614.295pt x 794.97pt>
File: _book/liedboek.pdf Graphic file (type pdf)
<use _book/liedboek.pdf, page 54>
Package pdftex.def Info: _book/liedboek.pdf , page54 used on input line 5.
(pdftex.def)             Requested size: 614.58406pt x 795.3441pt.
File: _book/liedboek.pdf Graphic file (type pdf)
<use _book/liedboek.pdf, page 54>
Package pdftex.def Info: _book/liedboek.pdf , page54 used on input line 5.
(pdftex.def)             Requested size: 614.58406pt x 795.3441pt.
File: _book/liedboek.pdf Graphic file (type pdf)
<use _book/liedboek.pdf, page 54>
Package pdftex.def Info: _book/liedboek.pdf , page54 used on input line 5.
(pdftex.def)             Requested size: 614.58406pt x 795.3441pt.
 [55 <./_book/liedboek.pdf>]
<_book/liedboek.pdf, id=359, page=55, 614.295pt x 794.97pt>
File: _book/liedboek.pdf Graphic file (type pdf)
<use _book/liedboek.pdf, page 55>
Package pdftex.def Info: _book/liedboek.pdf , page55 used on input line 5.
(pdftex.def)             Requested size: 614.58406pt x 795.3441pt.
File: _book/liedboek.pdf Graphic file (type pdf)
<use _book/liedboek.pdf, page 55>
Package pdftex.def Info: _book/liedboek.pdf , page55 used on input line 5.
(pdftex.def)             Requested size: 614.58406pt x 795.3441pt.
File: _book/liedboek.pdf Graphic file (type pdf)
<use _book/liedboek.pdf, page 55>
Package pdftex.def Info: _book/liedboek.pdf , page55 used on input line 5.
(pdftex.def)             Requested size: 614.58406pt x 795.3441pt.
 [56 <./_book/liedboek.pdf>]
<_book/liedboek.pdf, id=363, page=56, 614.295pt x 794.97pt>
File: _book/liedboek.pdf Graphic file (type pdf)
<use _book/liedboek.pdf, page 56>
Package pdftex.def Info: _book/liedboek.pdf , page56 used on input line 5.
(pdftex.def)             Requested size: 614.58406pt x 795.3441pt.
File: _book/liedboek.pdf Graphic file (type pdf)
<use _book/liedboek.pdf, page 56>
Package pdftex.def Info: _book/liedboek.pdf , page56 used on input line 5.
(pdftex.def)             Requested size: 614.58406pt x 795.3441pt.
File: _book/liedboek.pdf Graphic file (type pdf)
<use _book/liedboek.pdf, page 56>
Package pdftex.def Info: _book/liedboek.pdf , page56 used on input line 5.
(pdftex.def)             Requested size: 614.58406pt x 795.3441pt.
 [57 <./_book/liedboek.pdf>]
<_book/liedboek.pdf, id=368, page=57, 614.295pt x 794.97pt>
File: _book/liedboek.pdf Graphic file (type pdf)
<use _book/liedboek.pdf, page 57>
Package pdftex.def Info: _book/liedboek.pdf , page57 used on input line 5.
(pdftex.def)             Requested size: 614.58406pt x 795.3441pt.
File: _book/liedboek.pdf Graphic file (type pdf)
<use _book/liedboek.pdf, page 57>
Package pdftex.def Info: _book/liedboek.pdf , page57 used on input line 5.
(pdftex.def)             Requested size: 614.58406pt x 795.3441pt.
File: _book/liedboek.pdf Graphic file (type pdf)
<use _book/liedboek.pdf, page 57>
Package pdftex.def Info: _book/liedboek.pdf , page57 used on input line 5.
(pdftex.def)             Requested size: 614.58406pt x 795.3441pt.
 [58 <./_book/liedboek.pdf>]
<_book/liedboek.pdf, id=372, page=58, 614.295pt x 794.97pt>
File: _book/liedboek.pdf Graphic file (type pdf)
<use _book/liedboek.pdf, page 58>
Package pdftex.def Info: _book/liedboek.pdf , page58 used on input line 5.
(pdftex.def)             Requested size: 614.58406pt x 795.3441pt.
File: _book/liedboek.pdf Graphic file (type pdf)
<use _book/liedboek.pdf, page 58>
Package pdftex.def Info: _book/liedboek.pdf , page58 used on input line 5.
(pdftex.def)             Requested size: 614.58406pt x 795.3441pt.
File: _book/liedboek.pdf Graphic file (type pdf)
<use _book/liedboek.pdf, page 58>
Package pdftex.def Info: _book/liedboek.pdf , page58 used on input line 5.
(pdftex.def)             Requested size: 614.58406pt x 795.3441pt.
 [59 <./_book/liedboek.pdf>]
<_book/liedboek.pdf, id=377, page=59, 614.295pt x 794.97pt>
File: _book/liedboek.pdf Graphic file (type pdf)
<use _book/liedboek.pdf, page 59>
Package pdftex.def Info: _book/liedboek.pdf , page59 used on input line 5.
(pdftex.def)             Requested size: 614.58406pt x 795.3441pt.
File: _book/liedboek.pdf Graphic file (type pdf)
<use _book/liedboek.pdf, page 59>
Package pdftex.def Info: _book/liedboek.pdf , page59 used on input line 5.
(pdftex.def)             Requested size: 614.58406pt x 795.3441pt.
File: _book/liedboek.pdf Graphic file (type pdf)
<use _book/liedboek.pdf, page 59>
Package pdftex.def Info: _book/liedboek.pdf , page59 used on input line 5.
(pdftex.def)             Requested size: 614.58406pt x 795.3441pt.
 [60 <./_book/liedboek.pdf>]
<_book/liedboek.pdf, id=381, page=60, 614.295pt x 794.97pt>
File: _book/liedboek.pdf Graphic file (type pdf)
<use _book/liedboek.pdf, page 60>
Package pdftex.def Info: _book/liedboek.pdf , page60 used on input line 5.
(pdftex.def)             Requested size: 614.58406pt x 795.3441pt.
File: _book/liedboek.pdf Graphic file (type pdf)
<use _book/liedboek.pdf, page 60>
Package pdftex.def Info: _book/liedboek.pdf , page60 used on input line 5.
(pdftex.def)             Requested size: 614.58406pt x 795.3441pt.
File: _book/liedboek.pdf Graphic file (type pdf)
<use _book/liedboek.pdf, page 60>
Package pdftex.def Info: _book/liedboek.pdf , page60 used on input line 5.
(pdftex.def)             Requested size: 614.58406pt x 795.3441pt.
 [61 <./_book/liedboek.pdf>]
<_book/liedboek.pdf, id=387, page=61, 614.295pt x 794.97pt>
File: _book/liedboek.pdf Graphic file (type pdf)
<use _book/liedboek.pdf, page 61>
Package pdftex.def Info: _book/liedboek.pdf , page61 used on input line 5.
(pdftex.def)             Requested size: 614.58406pt x 795.3441pt.
File: _book/liedboek.pdf Graphic file (type pdf)
<use _book/liedboek.pdf, page 61>
Package pdftex.def Info: _book/liedboek.pdf , page61 used on input line 5.
(pdftex.def)             Requested size: 614.58406pt x 795.3441pt.
File: _book/liedboek.pdf Graphic file (type pdf)
<use _book/liedboek.pdf, page 61>
Package pdftex.def Info: _book/liedboek.pdf , page61 used on input line 5.
(pdftex.def)             Requested size: 614.58406pt x 795.3441pt.
 [62 <./_book/liedboek.pdf>]
<_book/liedboek.pdf, id=391, page=62, 614.295pt x 794.97pt>
File: _book/liedboek.pdf Graphic file (type pdf)
<use _book/liedboek.pdf, page 62>
Package pdftex.def Info: _book/liedboek.pdf , page62 used on input line 5.
(pdftex.def)             Requested size: 614.58406pt x 795.3441pt.
File: _book/liedboek.pdf Graphic file (type pdf)
<use _book/liedboek.pdf, page 62>
Package pdftex.def Info: _book/liedboek.pdf , page62 used on input line 5.
(pdftex.def)             Requested size: 614.58406pt x 795.3441pt.
File: _book/liedboek.pdf Graphic file (type pdf)
<use _book/liedboek.pdf, page 62>
Package pdftex.def Info: _book/liedboek.pdf , page62 used on input line 5.
(pdftex.def)             Requested size: 614.58406pt x 795.3441pt.
 [63 <./_book/liedboek.pdf>]
<_book/liedboek.pdf, id=396, page=63, 614.295pt x 794.97pt>
File: _book/liedboek.pdf Graphic file (type pdf)
<use _book/liedboek.pdf, page 63>
Package pdftex.def Info: _book/liedboek.pdf , page63 used on input line 5.
(pdftex.def)             Requested size: 614.58406pt x 795.3441pt.
File: _book/liedboek.pdf Graphic file (type pdf)
<use _book/liedboek.pdf, page 63>
Package pdftex.def Info: _book/liedboek.pdf , page63 used on input line 5.
(pdftex.def)             Requested size: 614.58406pt x 795.3441pt.
File: _book/liedboek.pdf Graphic file (type pdf)
<use _book/liedboek.pdf, page 63>
Package pdftex.def Info: _book/liedboek.pdf , page63 used on input line 5.
(pdftex.def)             Requested size: 614.58406pt x 795.3441pt.
 [64 <./_book/liedboek.pdf>]
<_book/liedboek.pdf, id=400, page=64, 614.295pt x 794.97pt>
File: _book/liedboek.pdf Graphic file (type pdf)
<use _book/liedboek.pdf, page 64>
Package pdftex.def Info: _book/liedboek.pdf , page64 used on input line 5.
(pdftex.def)             Requested size: 614.58406pt x 795.3441pt.
File: _book/liedboek.pdf Graphic file (type pdf)
<use _book/liedboek.pdf, page 64>
Package pdftex.def Info: _book/liedboek.pdf , page64 used on input line 5.
(pdftex.def)             Requested size: 614.58406pt x 795.3441pt.
File: _book/liedboek.pdf Graphic file (type pdf)
<use _book/liedboek.pdf, page 64>
Package pdftex.def Info: _book/liedboek.pdf , page64 used on input line 5.
(pdftex.def)             Requested size: 614.58406pt x 795.3441pt.
 [65 <./_book/liedboek.pdf>]
<_book/liedboek.pdf, id=405, page=65, 614.295pt x 794.97pt>
File: _book/liedboek.pdf Graphic file (type pdf)
<use _book/liedboek.pdf, page 65>
Package pdftex.def Info: _book/liedboek.pdf , page65 used on input line 5.
(pdftex.def)             Requested size: 614.58406pt x 795.3441pt.
File: _book/liedboek.pdf Graphic file (type pdf)
<use _book/liedboek.pdf, page 65>
Package pdftex.def Info: _book/liedboek.pdf , page65 used on input line 5.
(pdftex.def)             Requested size: 614.58406pt x 795.3441pt.
File: _book/liedboek.pdf Graphic file (type pdf)
<use _book/liedboek.pdf, page 65>
Package pdftex.def Info: _book/liedboek.pdf , page65 used on input line 5.
(pdftex.def)             Requested size: 614.58406pt x 795.3441pt.

[66 <./_book/liedboek.pdf>]
<_book/liedboek.pdf, id=409, page=66, 614.295pt x 794.97pt>
File: _book/liedboek.pdf Graphic file (type pdf)
<use _book/liedboek.pdf, page 66>
Package pdftex.def Info: _book/liedboek.pdf , page66 used on input line 5.
(pdftex.def)             Requested size: 614.58406pt x 795.3441pt.
File: _book/liedboek.pdf Graphic file (type pdf)
<use _book/liedboek.pdf, page 66>
Package pdftex.def Info: _book/liedboek.pdf , page66 used on input line 5.
(pdftex.def)             Requested size: 614.58406pt x 795.3441pt.
File: _book/liedboek.pdf Graphic file (type pdf)
<use _book/liedboek.pdf, page 66>
Package pdftex.def Info: _book/liedboek.pdf , page66 used on input line 5.
(pdftex.def)             Requested size: 614.58406pt x 795.3441pt.
 [67 <./_book/liedboek.pdf>]
<_book/liedboek.pdf, id=415, page=67, 614.295pt x 794.97pt>
File: _book/liedboek.pdf Graphic file (type pdf)
<use _book/liedboek.pdf, page 67>
Package pdftex.def Info: _book/liedboek.pdf , page67 used on input line 5.
(pdftex.def)             Requested size: 614.58406pt x 795.3441pt.
File: _book/liedboek.pdf Graphic file (type pdf)
<use _book/liedboek.pdf, page 67>
Package pdftex.def Info: _book/liedboek.pdf , page67 used on input line 5.
(pdftex.def)             Requested size: 614.58406pt x 795.3441pt.
File: _book/liedboek.pdf Graphic file (type pdf)
<use _book/liedboek.pdf, page 67>
Package pdftex.def Info: _book/liedboek.pdf , page67 used on input line 5.
(pdftex.def)             Requested size: 614.58406pt x 795.3441pt.
 [68 <./_book/liedboek.pdf>]
<_book/liedboek.pdf, id=419, page=68, 614.295pt x 794.97pt>
File: _book/liedboek.pdf Graphic file (type pdf)
<use _book/liedboek.pdf, page 68>
Package pdftex.def Info: _book/liedboek.pdf , page68 used on input line 5.
(pdftex.def)             Requested size: 614.58406pt x 795.3441pt.
File: _book/liedboek.pdf Graphic file (type pdf)
<use _book/liedboek.pdf, page 68>
Package pdftex.def Info: _book/liedboek.pdf , page68 used on input line 5.
(pdftex.def)             Requested size: 614.58406pt x 795.3441pt.
File: _book/liedboek.pdf Graphic file (type pdf)
<use _book/liedboek.pdf, page 68>
Package pdftex.def Info: _book/liedboek.pdf , page68 used on input line 5.
(pdftex.def)             Requested size: 614.58406pt x 795.3441pt.
 [69 <./_book/liedboek.pdf>]
<_book/liedboek.pdf, id=424, page=69, 614.295pt x 794.97pt>
File: _book/liedboek.pdf Graphic file (type pdf)
<use _book/liedboek.pdf, page 69>
Package pdftex.def Info: _book/liedboek.pdf , page69 used on input line 5.
(pdftex.def)             Requested size: 614.58406pt x 795.3441pt.
File: _book/liedboek.pdf Graphic file (type pdf)
<use _book/liedboek.pdf, page 69>
Package pdftex.def Info: _book/liedboek.pdf , page69 used on input line 5.
(pdftex.def)             Requested size: 614.58406pt x 795.3441pt.
File: _book/liedboek.pdf Graphic file (type pdf)
<use _book/liedboek.pdf, page 69>
Package pdftex.def Info: _book/liedboek.pdf , page69 used on input line 5.
(pdftex.def)             Requested size: 614.58406pt x 795.3441pt.
 [70 <./_book/liedboek.pdf>]
<_book/liedboek.pdf, id=428, page=70, 614.295pt x 794.97pt>
File: _book/liedboek.pdf Graphic file (type pdf)
<use _book/liedboek.pdf, page 70>
Package pdftex.def Info: _book/liedboek.pdf , page70 used on input line 5.
(pdftex.def)             Requested size: 614.58406pt x 795.3441pt.
File: _book/liedboek.pdf Graphic file (type pdf)
<use _book/liedboek.pdf, page 70>
Package pdftex.def Info: _book/liedboek.pdf , page70 used on input line 5.
(pdftex.def)             Requested size: 614.58406pt x 795.3441pt.
File: _book/liedboek.pdf Graphic file (type pdf)
<use _book/liedboek.pdf, page 70>
Package pdftex.def Info: _book/liedboek.pdf , page70 used on input line 5.
(pdftex.def)             Requested size: 614.58406pt x 795.3441pt.
 [71 <./_book/liedboek.pdf>]
<_book/liedboek.pdf, id=433, page=71, 614.295pt x 794.97pt>
File: _book/liedboek.pdf Graphic file (type pdf)
<use _book/liedboek.pdf, page 71>
Package pdftex.def Info: _book/liedboek.pdf , page71 used on input line 5.
(pdftex.def)             Requested size: 614.58406pt x 795.3441pt.
File: _book/liedboek.pdf Graphic file (type pdf)
<use _book/liedboek.pdf, page 71>
Package pdftex.def Info: _book/liedboek.pdf , page71 used on input line 5.
(pdftex.def)             Requested size: 614.58406pt x 795.3441pt.
File: _book/liedboek.pdf Graphic file (type pdf)
<use _book/liedboek.pdf, page 71>
Package pdftex.def Info: _book/liedboek.pdf , page71 used on input line 5.
(pdftex.def)             Requested size: 614.58406pt x 795.3441pt.
 [72 <./_book/liedboek.pdf>]
<_book/liedboek.pdf, id=437, page=72, 614.295pt x 794.97pt>
File: _book/liedboek.pdf Graphic file (type pdf)
<use _book/liedboek.pdf, page 72>
Package pdftex.def Info: _book/liedboek.pdf , page72 used on input line 5.
(pdftex.def)             Requested size: 614.58406pt x 795.3441pt.
File: _book/liedboek.pdf Graphic file (type pdf)
<use _book/liedboek.pdf, page 72>
Package pdftex.def Info: _book/liedboek.pdf , page72 used on input line 5.
(pdftex.def)             Requested size: 614.58406pt x 795.3441pt.
File: _book/liedboek.pdf Graphic file (type pdf)
<use _book/liedboek.pdf, page 72>
Package pdftex.def Info: _book/liedboek.pdf , page72 used on input line 5.
(pdftex.def)             Requested size: 614.58406pt x 795.3441pt.
 [73 <./_book/liedboek.pdf>]
<_book/liedboek.pdf, id=442, page=73, 614.295pt x 794.97pt>
File: _book/liedboek.pdf Graphic file (type pdf)
<use _book/liedboek.pdf, page 73>
Package pdftex.def Info: _book/liedboek.pdf , page73 used on input line 5.
(pdftex.def)             Requested size: 614.58406pt x 795.3441pt.
File: _book/liedboek.pdf Graphic file (type pdf)
<use _book/liedboek.pdf, page 73>
Package pdftex.def Info: _book/liedboek.pdf , page73 used on input line 5.
(pdftex.def)             Requested size: 614.58406pt x 795.3441pt.
File: _book/liedboek.pdf Graphic file (type pdf)
<use _book/liedboek.pdf, page 73>
Package pdftex.def Info: _book/liedboek.pdf , page73 used on input line 5.
(pdftex.def)             Requested size: 614.58406pt x 795.3441pt.
 [74 <./_book/liedboek.pdf>]
<_book/liedboek.pdf, id=447, page=74, 614.295pt x 794.97pt>
File: _book/liedboek.pdf Graphic file (type pdf)
<use _book/liedboek.pdf, page 74>
Package pdftex.def Info: _book/liedboek.pdf , page74 used on input line 5.
(pdftex.def)             Requested size: 614.58406pt x 795.3441pt.
File: _book/liedboek.pdf Graphic file (type pdf)
<use _book/liedboek.pdf, page 74>
Package pdftex.def Info: _book/liedboek.pdf , page74 used on input line 5.
(pdftex.def)             Requested size: 614.58406pt x 795.3441pt.
File: _book/liedboek.pdf Graphic file (type pdf)
<use _book/liedboek.pdf, page 74>
Package pdftex.def Info: _book/liedboek.pdf , page74 used on input line 5.
(pdftex.def)             Requested size: 614.58406pt x 795.3441pt.
 [75 <./_book/liedboek.pdf>]
<_book/liedboek.pdf, id=451, page=75, 614.295pt x 794.97pt>
File: _book/liedboek.pdf Graphic file (type pdf)
<use _book/liedboek.pdf, page 75>
Package pdftex.def Info: _book/liedboek.pdf , page75 used on input line 5.
(pdftex.def)             Requested size: 614.58406pt x 795.3441pt.
File: _book/liedboek.pdf Graphic file (type pdf)
<use _book/liedboek.pdf, page 75>
Package pdftex.def Info: _book/liedboek.pdf , page75 used on input line 5.
(pdftex.def)             Requested size: 614.58406pt x 795.3441pt.
File: _book/liedboek.pdf Graphic file (type pdf)
<use _book/liedboek.pdf, page 75>
Package pdftex.def Info: _book/liedboek.pdf , page75 used on input line 5.
(pdftex.def)             Requested size: 614.58406pt x 795.3441pt.
 [76 <./_book/liedboek.pdf>]
<_book/liedboek.pdf, id=456, page=76, 614.295pt x 794.97pt>
File: _book/liedboek.pdf Graphic file (type pdf)
<use _book/liedboek.pdf, page 76>
Package pdftex.def Info: _book/liedboek.pdf , page76 used on input line 5.
(pdftex.def)             Requested size: 614.58406pt x 795.3441pt.
File: _book/liedboek.pdf Graphic file (type pdf)
<use _book/liedboek.pdf, page 76>
Package pdftex.def Info: _book/liedboek.pdf , page76 used on input line 5.
(pdftex.def)             Requested size: 614.58406pt x 795.3441pt.
File: _book/liedboek.pdf Graphic file (type pdf)
<use _book/liedboek.pdf, page 76>
Package pdftex.def Info: _book/liedboek.pdf , page76 used on input line 5.
(pdftex.def)             Requested size: 614.58406pt x 795.3441pt.
 [77 <./_book/liedboek.pdf>]
<_book/liedboek.pdf, id=460, page=77, 614.295pt x 794.97pt>
File: _book/liedboek.pdf Graphic file (type pdf)
<use _book/liedboek.pdf, page 77>
Package pdftex.def Info: _book/liedboek.pdf , page77 used on input line 5.
(pdftex.def)             Requested size: 614.58406pt x 795.3441pt.
File: _book/liedboek.pdf Graphic file (type pdf)
<use _book/liedboek.pdf, page 77>
Package pdftex.def Info: _book/liedboek.pdf , page77 used on input line 5.
(pdftex.def)             Requested size: 614.58406pt x 795.3441pt.
File: _book/liedboek.pdf Graphic file (type pdf)
<use _book/liedboek.pdf, page 77>
Package pdftex.def Info: _book/liedboek.pdf , page77 used on input line 5.
(pdftex.def)             Requested size: 614.58406pt x 795.3441pt.
 [78 <./_book/liedboek.pdf>]
<_book/liedboek.pdf, id=464, page=78, 614.295pt x 794.97pt>
File: _book/liedboek.pdf Graphic file (type pdf)
<use _book/liedboek.pdf, page 78>
Package pdftex.def Info: _book/liedboek.pdf , page78 used on input line 5.
(pdftex.def)             Requested size: 614.58406pt x 795.3441pt.
File: _book/liedboek.pdf Graphic file (type pdf)
<use _book/liedboek.pdf, page 78>
Package pdftex.def Info: _book/liedboek.pdf , page78 used on input line 5.
(pdftex.def)             Requested size: 614.58406pt x 795.3441pt.
File: _book/liedboek.pdf Graphic file (type pdf)
<use _book/liedboek.pdf, page 78>
Package pdftex.def Info: _book/liedboek.pdf , page78 used on input line 5.
(pdftex.def)             Requested size: 614.58406pt x 795.3441pt.
 [79 <./_book/liedboek.pdf>]
<_book/liedboek.pdf, id=470, page=79, 614.295pt x 794.97pt>
File: _book/liedboek.pdf Graphic file (type pdf)
<use _book/liedboek.pdf, page 79>
Package pdftex.def Info: _book/liedboek.pdf , page79 used on input line 5.
(pdftex.def)             Requested size: 614.58406pt x 795.3441pt.
File: _book/liedboek.pdf Graphic file (type pdf)
<use _book/liedboek.pdf, page 79>
Package pdftex.def Info: _book/liedboek.pdf , page79 used on input line 5.
(pdftex.def)             Requested size: 614.58406pt x 795.3441pt.
File: _book/liedboek.pdf Graphic file (type pdf)
<use _book/liedboek.pdf, page 79>
Package pdftex.def Info: _book/liedboek.pdf , page79 used on input line 5.
(pdftex.def)             Requested size: 614.58406pt x 795.3441pt.

[80 <./_book/liedboek.pdf>]
<_book/liedboek.pdf, id=474, page=80, 614.295pt x 794.97pt>
File: _book/liedboek.pdf Graphic file (type pdf)
<use _book/liedboek.pdf, page 80>
Package pdftex.def Info: _book/liedboek.pdf , page80 used on input line 5.
(pdftex.def)             Requested size: 614.58406pt x 795.3441pt.
File: _book/liedboek.pdf Graphic file (type pdf)
<use _book/liedboek.pdf, page 80>
Package pdftex.def Info: _book/liedboek.pdf , page80 used on input line 5.
(pdftex.def)             Requested size: 614.58406pt x 795.3441pt.
File: _book/liedboek.pdf Graphic file (type pdf)
<use _book/liedboek.pdf, page 80>
Package pdftex.def Info: _book/liedboek.pdf , page80 used on input line 5.
(pdftex.def)             Requested size: 614.58406pt x 795.3441pt.
 [81 <./_book/liedboek.pdf>]
<_book/liedboek.pdf, id=479, page=81, 614.295pt x 794.97pt>
File: _book/liedboek.pdf Graphic file (type pdf)
<use _book/liedboek.pdf, page 81>
Package pdftex.def Info: _book/liedboek.pdf , page81 used on input line 5.
(pdftex.def)             Requested size: 614.58406pt x 795.3441pt.
File: _book/liedboek.pdf Graphic file (type pdf)
<use _book/liedboek.pdf, page 81>
Package pdftex.def Info: _book/liedboek.pdf , page81 used on input line 5.
(pdftex.def)             Requested size: 614.58406pt x 795.3441pt.
File: _book/liedboek.pdf Graphic file (type pdf)
<use _book/liedboek.pdf, page 81>
Package pdftex.def Info: _book/liedboek.pdf , page81 used on input line 5.
(pdftex.def)             Requested size: 614.58406pt x 795.3441pt.
 [82 <./_book/liedboek.pdf>]
<_book/liedboek.pdf, id=483, page=82, 614.295pt x 794.97pt>
File: _book/liedboek.pdf Graphic file (type pdf)
<use _book/liedboek.pdf, page 82>
Package pdftex.def Info: _book/liedboek.pdf , page82 used on input line 5.
(pdftex.def)             Requested size: 614.58406pt x 795.3441pt.
File: _book/liedboek.pdf Graphic file (type pdf)
<use _book/liedboek.pdf, page 82>
Package pdftex.def Info: _book/liedboek.pdf , page82 used on input line 5.
(pdftex.def)             Requested size: 614.58406pt x 795.3441pt.
File: _book/liedboek.pdf Graphic file (type pdf)
<use _book/liedboek.pdf, page 82>
Package pdftex.def Info: _book/liedboek.pdf , page82 used on input line 5.
(pdftex.def)             Requested size: 614.58406pt x 795.3441pt.
 [83 <./_book/liedboek.pdf>]
<_book/liedboek.pdf, id=487, page=83, 614.295pt x 794.97pt>
File: _book/liedboek.pdf Graphic file (type pdf)
<use _book/liedboek.pdf, page 83>
Package pdftex.def Info: _book/liedboek.pdf , page83 used on input line 5.
(pdftex.def)             Requested size: 614.58406pt x 795.3441pt.
File: _book/liedboek.pdf Graphic file (type pdf)
<use _book/liedboek.pdf, page 83>
Package pdftex.def Info: _book/liedboek.pdf , page83 used on input line 5.
(pdftex.def)             Requested size: 614.58406pt x 795.3441pt.
File: _book/liedboek.pdf Graphic file (type pdf)
<use _book/liedboek.pdf, page 83>
Package pdftex.def Info: _book/liedboek.pdf , page83 used on input line 5.
(pdftex.def)             Requested size: 614.58406pt x 795.3441pt.
 [84 <./_book/liedboek.pdf>]
<_book/liedboek.pdf, id=492, page=84, 614.295pt x 794.97pt>
File: _book/liedboek.pdf Graphic file (type pdf)
<use _book/liedboek.pdf, page 84>
Package pdftex.def Info: _book/liedboek.pdf , page84 used on input line 5.
(pdftex.def)             Requested size: 614.58406pt x 795.3441pt.
File: _book/liedboek.pdf Graphic file (type pdf)
<use _book/liedboek.pdf, page 84>
Package pdftex.def Info: _book/liedboek.pdf , page84 used on input line 5.
(pdftex.def)             Requested size: 614.58406pt x 795.3441pt.
File: _book/liedboek.pdf Graphic file (type pdf)
<use _book/liedboek.pdf, page 84>
Package pdftex.def Info: _book/liedboek.pdf , page84 used on input line 5.
(pdftex.def)             Requested size: 614.58406pt x 795.3441pt.
 [85 <./_book/liedboek.pdf>]
<_book/liedboek.pdf, id=497, page=85, 614.295pt x 794.97pt>
File: _book/liedboek.pdf Graphic file (type pdf)
<use _book/liedboek.pdf, page 85>
Package pdftex.def Info: _book/liedboek.pdf , page85 used on input line 5.
(pdftex.def)             Requested size: 614.58406pt x 795.3441pt.
File: _book/liedboek.pdf Graphic file (type pdf)
<use _book/liedboek.pdf, page 85>
Package pdftex.def Info: _book/liedboek.pdf , page85 used on input line 5.
(pdftex.def)             Requested size: 614.58406pt x 795.3441pt.
File: _book/liedboek.pdf Graphic file (type pdf)
<use _book/liedboek.pdf, page 85>
Package pdftex.def Info: _book/liedboek.pdf , page85 used on input line 5.
(pdftex.def)             Requested size: 614.58406pt x 795.3441pt.
 [86 <./_book/liedboek.pdf>]
<_book/liedboek.pdf, id=502, page=86, 614.295pt x 794.97pt>
File: _book/liedboek.pdf Graphic file (type pdf)
<use _book/liedboek.pdf, page 86>
Package pdftex.def Info: _book/liedboek.pdf , page86 used on input line 5.
(pdftex.def)             Requested size: 614.58406pt x 795.3441pt.
File: _book/liedboek.pdf Graphic file (type pdf)
<use _book/liedboek.pdf, page 86>
Package pdftex.def Info: _book/liedboek.pdf , page86 used on input line 5.
(pdftex.def)             Requested size: 614.58406pt x 795.3441pt.
File: _book/liedboek.pdf Graphic file (type pdf)
<use _book/liedboek.pdf, page 86>
Package pdftex.def Info: _book/liedboek.pdf , page86 used on input line 5.
(pdftex.def)             Requested size: 614.58406pt x 795.3441pt.
 [87 <./_book/liedboek.pdf>]
<_book/liedboek.pdf, id=507, page=87, 614.295pt x 794.97pt>
File: _book/liedboek.pdf Graphic file (type pdf)
<use _book/liedboek.pdf, page 87>
Package pdftex.def Info: _book/liedboek.pdf , page87 used on input line 5.
(pdftex.def)             Requested size: 614.58406pt x 795.3441pt.
File: _book/liedboek.pdf Graphic file (type pdf)
<use _book/liedboek.pdf, page 87>
Package pdftex.def Info: _book/liedboek.pdf , page87 used on input line 5.
(pdftex.def)             Requested size: 614.58406pt x 795.3441pt.
File: _book/liedboek.pdf Graphic file (type pdf)
<use _book/liedboek.pdf, page 87>
Package pdftex.def Info: _book/liedboek.pdf , page87 used on input line 5.
(pdftex.def)             Requested size: 614.58406pt x 795.3441pt.
 [88 <./_book/liedboek.pdf>]
<_book/liedboek.pdf, id=511, page=88, 614.295pt x 794.97pt>
File: _book/liedboek.pdf Graphic file (type pdf)
<use _book/liedboek.pdf, page 88>
Package pdftex.def Info: _book/liedboek.pdf , page88 used on input line 5.
(pdftex.def)             Requested size: 614.58406pt x 795.3441pt.
File: _book/liedboek.pdf Graphic file (type pdf)
<use _book/liedboek.pdf, page 88>
Package pdftex.def Info: _book/liedboek.pdf , page88 used on input line 5.
(pdftex.def)             Requested size: 614.58406pt x 795.3441pt.
File: _book/liedboek.pdf Graphic file (type pdf)
<use _book/liedboek.pdf, page 88>
Package pdftex.def Info: _book/liedboek.pdf , page88 used on input line 5.
(pdftex.def)             Requested size: 614.58406pt x 795.3441pt.
 [89 <./_book/liedboek.pdf>]
<_book/liedboek.pdf, id=516, page=89, 614.295pt x 794.97pt>
File: _book/liedboek.pdf Graphic file (type pdf)
<use _book/liedboek.pdf, page 89>
Package pdftex.def Info: _book/liedboek.pdf , page89 used on input line 5.
(pdftex.def)             Requested size: 614.58406pt x 795.3441pt.
File: _book/liedboek.pdf Graphic file (type pdf)
<use _book/liedboek.pdf, page 89>
Package pdftex.def Info: _book/liedboek.pdf , page89 used on input line 5.
(pdftex.def)             Requested size: 614.58406pt x 795.3441pt.
File: _book/liedboek.pdf Graphic file (type pdf)
<use _book/liedboek.pdf, page 89>
Package pdftex.def Info: _book/liedboek.pdf , page89 used on input line 5.
(pdftex.def)             Requested size: 614.58406pt x 795.3441pt.
 [90 <./_book/liedboek.pdf>]
<_book/liedboek.pdf, id=520, page=90, 614.295pt x 794.97pt>
File: _book/liedboek.pdf Graphic file (type pdf)
<use _book/liedboek.pdf, page 90>
Package pdftex.def Info: _book/liedboek.pdf , page90 used on input line 5.
(pdftex.def)             Requested size: 614.58406pt x 795.3441pt.
File: _book/liedboek.pdf Graphic file (type pdf)
<use _book/liedboek.pdf, page 90>
Package pdftex.def Info: _book/liedboek.pdf , page90 used on input line 5.
(pdftex.def)             Requested size: 614.58406pt x 795.3441pt.
File: _book/liedboek.pdf Graphic file (type pdf)
<use _book/liedboek.pdf, page 90>
Package pdftex.def Info: _book/liedboek.pdf , page90 used on input line 5.
(pdftex.def)             Requested size: 614.58406pt x 795.3441pt.
 [91 <./_book/liedboek.pdf>]
<_book/liedboek.pdf, id=525, page=91, 614.295pt x 794.97pt>
File: _book/liedboek.pdf Graphic file (type pdf)
<use _book/liedboek.pdf, page 91>
Package pdftex.def Info: _book/liedboek.pdf , page91 used on input line 5.
(pdftex.def)             Requested size: 614.58406pt x 795.3441pt.
File: _book/liedboek.pdf Graphic file (type pdf)
<use _book/liedboek.pdf, page 91>
Package pdftex.def Info: _book/liedboek.pdf , page91 used on input line 5.
(pdftex.def)             Requested size: 614.58406pt x 795.3441pt.
File: _book/liedboek.pdf Graphic file (type pdf)
<use _book/liedboek.pdf, page 91>
Package pdftex.def Info: _book/liedboek.pdf , page91 used on input line 5.
(pdftex.def)             Requested size: 614.58406pt x 795.3441pt.
 [92 <./_book/liedboek.pdf>]
<_book/liedboek.pdf, id=529, page=92, 614.295pt x 794.97pt>
File: _book/liedboek.pdf Graphic file (type pdf)
<use _book/liedboek.pdf, page 92>
Package pdftex.def Info: _book/liedboek.pdf , page92 used on input line 5.
(pdftex.def)             Requested size: 614.58406pt x 795.3441pt.
File: _book/liedboek.pdf Graphic file (type pdf)
<use _book/liedboek.pdf, page 92>
Package pdftex.def Info: _book/liedboek.pdf , page92 used on input line 5.
(pdftex.def)             Requested size: 614.58406pt x 795.3441pt.
File: _book/liedboek.pdf Graphic file (type pdf)
<use _book/liedboek.pdf, page 92>
Package pdftex.def Info: _book/liedboek.pdf , page92 used on input line 5.
(pdftex.def)             Requested size: 614.58406pt x 795.3441pt.
 [93 <./_book/liedboek.pdf>]
<_book/liedboek.pdf, id=533, page=93, 614.295pt x 794.97pt>
File: _book/liedboek.pdf Graphic file (type pdf)
<use _book/liedboek.pdf, page 93>
Package pdftex.def Info: _book/liedboek.pdf , page93 used on input line 5.
(pdftex.def)             Requested size: 614.58406pt x 795.3441pt.
File: _book/liedboek.pdf Graphic file (type pdf)
<use _book/liedboek.pdf, page 93>
Package pdftex.def Info: _book/liedboek.pdf , page93 used on input line 5.
(pdftex.def)             Requested size: 614.58406pt x 795.3441pt.
File: _book/liedboek.pdf Graphic file (type pdf)
<use _book/liedboek.pdf, page 93>
Package pdftex.def Info: _book/liedboek.pdf , page93 used on input line 5.
(pdftex.def)             Requested size: 614.58406pt x 795.3441pt.

[94 <./_book/liedboek.pdf>]
<_book/liedboek.pdf, id=537, page=94, 614.295pt x 794.97pt>
File: _book/liedboek.pdf Graphic file (type pdf)
<use _book/liedboek.pdf, page 94>
Package pdftex.def Info: _book/liedboek.pdf , page94 used on input line 5.
(pdftex.def)             Requested size: 614.58406pt x 795.3441pt.
File: _book/liedboek.pdf Graphic file (type pdf)
<use _book/liedboek.pdf, page 94>
Package pdftex.def Info: _book/liedboek.pdf , page94 used on input line 5.
(pdftex.def)             Requested size: 614.58406pt x 795.3441pt.
File: _book/liedboek.pdf Graphic file (type pdf)
<use _book/liedboek.pdf, page 94>
Package pdftex.def Info: _book/liedboek.pdf , page94 used on input line 5.
(pdftex.def)             Requested size: 614.58406pt x 795.3441pt.
 [95 <./_book/liedboek.pdf>] (_cover-page.aux) ) 
Here is how much of TeX's memory you used:
 2966 strings out of 480934
 49529 string characters out of 2909677
 280162 words of memory out of 3000000
 18832 multiletter control sequences out of 15000+200000
 532338 words of font info for 24 fonts, out of 3000000 for 9000
 1141 hyphenation exceptions out of 8191
 40i,18n,46p,260b,428s stack positions out of 5000i,500n,10000p,200000b,50000s

Output written on _cover-page.pdf (95 pages, 443668 bytes).
PDF statistics:
 546 PDF objects out of 1000 (max. 8388607)
 0 named destinations out of 1000 (max. 500000)
 506 words of extra memory for PDF output out of 10000 (max. 10000000)

