This is pdfTeX, Version 3.14159265-2.6-1.40.21 (MiKTeX 2.9.7350 64-bit) (preloaded format=pdflatex 2020.4.9)  9 MAY 2020 17:00
entering extended mode
**C:/Users/A599131/Documents/Liedboek/_book_post/liedboek.tex
(C:/Users/A599131/Documents/Liedboek/_book_post/liedboek.tex
LaTeX2e <2020-02-02> patch level 5
L3 programming layer <2020-03-06>
("C:\Program Files\MiKTeX 2.9\tex/latex/base\book.cls"
Document Class: book 2019/12/20 v1.4l Standard LaTeX document class
("C:\Program Files\MiKTeX 2.9\tex/latex/base\bk10.clo"
File: bk10.clo 2019/12/20 v1.4l Standard LaTeX file (size option)
)
\c@part=\count167
\c@chapter=\count168
\c@section=\count169
\c@subsection=\count170
\c@subsubsection=\count171
\c@paragraph=\count172
\c@subparagraph=\count173
\c@figure=\count174
\c@table=\count175
\abovecaptionskip=\skip47
\belowcaptionskip=\skip48
\bibindent=\dimen134
)
("C:\Program Files\MiKTeX 2.9\tex/latex/lm\lmodern.sty"
Package: lmodern 2009/10/30 v1.6 Latin Modern Fonts
LaTeX Font Info:    Overwriting symbol font `operators' in version `normal'
(Font)                  OT1/cmr/m/n --> OT1/lmr/m/n on input line 22.
LaTeX Font Info:    Overwriting symbol font `letters' in version `normal'
(Font)                  OML/cmm/m/it --> OML/lmm/m/it on input line 23.
LaTeX Font Info:    Overwriting symbol font `symbols' in version `normal'
(Font)                  OMS/cmsy/m/n --> OMS/lmsy/m/n on input line 24.
LaTeX Font Info:    Overwriting symbol font `largesymbols' in version `normal'
(Font)                  OMX/cmex/m/n --> OMX/lmex/m/n on input line 25.
LaTeX Font Info:    Overwriting symbol font `operators' in version `bold'
(Font)                  OT1/cmr/bx/n --> OT1/lmr/bx/n on input line 26.
LaTeX Font Info:    Overwriting symbol font `letters' in version `bold'
(Font)                  OML/cmm/b/it --> OML/lmm/b/it on input line 27.
LaTeX Font Info:    Overwriting symbol font `symbols' in version `bold'
(Font)                  OMS/cmsy/b/n --> OMS/lmsy/b/n on input line 28.
LaTeX Font Info:    Overwriting symbol font `largesymbols' in version `bold'
(Font)                  OMX/cmex/m/n --> OMX/lmex/m/n on input line 29.
LaTeX Font Info:    Overwriting math alphabet `\mathbf' in version `normal'
(Font)                  OT1/cmr/bx/n --> OT1/lmr/bx/n on input line 31.
LaTeX Font Info:    Overwriting math alphabet `\mathsf' in version `normal'
(Font)                  OT1/cmss/m/n --> OT1/lmss/m/n on input line 32.
LaTeX Font Info:    Overwriting math alphabet `\mathit' in version `normal'
(Font)                  OT1/cmr/m/it --> OT1/lmr/m/it on input line 33.
LaTeX Font Info:    Overwriting math alphabet `\mathtt' in version `normal'
(Font)                  OT1/cmtt/m/n --> OT1/lmtt/m/n on input line 34.
LaTeX Font Info:    Overwriting math alphabet `\mathbf' in version `bold'
(Font)                  OT1/cmr/bx/n --> OT1/lmr/bx/n on input line 35.
LaTeX Font Info:    Overwriting math alphabet `\mathsf' in version `bold'
(Font)                  OT1/cmss/bx/n --> OT1/lmss/bx/n on input line 36.
LaTeX Font Info:    Overwriting math alphabet `\mathit' in version `bold'
(Font)                  OT1/cmr/bx/it --> OT1/lmr/bx/it on input line 37.
LaTeX Font Info:    Overwriting math alphabet `\mathtt' in version `bold'
(Font)                  OT1/cmtt/m/n --> OT1/lmtt/m/n on input line 38.
)
("C:\Program Files\MiKTeX 2.9\tex/latex/amsfonts\amssymb.sty"
Package: amssymb 2013/01/14 v3.01 AMS font symbols

("C:\Program Files\MiKTeX 2.9\tex/latex/amsfonts\amsfonts.sty"
Package: amsfonts 2013/01/14 v3.01 Basic AMSFonts support
\@emptytoks=\toks15
\symAMSa=\mathgroup4
\symAMSb=\mathgroup5
LaTeX Font Info:    Redeclaring math symbol \hbar on input line 98.
LaTeX Font Info:    Overwriting math alphabet `\mathfrak' in version `bold'
(Font)                  U/euf/m/n --> U/euf/b/n on input line 106.
))
("C:\Program Files\MiKTeX 2.9\tex/latex/amsmath\amsmath.sty"
Package: amsmath 2020/01/20 v2.17e AMS math features
\@mathmargin=\skip49

For additional information on amsmath, use the `?' option.
("C:\Program Files\MiKTeX 2.9\tex/latex/amsmath\amstext.sty"
Package: amstext 2000/06/29 v2.01 AMS text

("C:\Program Files\MiKTeX 2.9\tex/latex/amsmath\amsgen.sty"
File: amsgen.sty 1999/11/30 v2.0 generic functions
\@emptytoks=\toks16
\ex@=\dimen135
))
("C:\Program Files\MiKTeX 2.9\tex/latex/amsmath\amsbsy.sty"
Package: amsbsy 1999/11/29 v1.2d Bold Symbols
\pmbraise@=\dimen136
)
("C:\Program Files\MiKTeX 2.9\tex/latex/amsmath\amsopn.sty"
Package: amsopn 2016/03/08 v2.02 operator names
)
\inf@bad=\count176
LaTeX Info: Redefining \frac on input line 227.
\uproot@=\count177
\leftroot@=\count178
LaTeX Info: Redefining \overline on input line 389.
\classnum@=\count179
\DOTSCASE@=\count180
LaTeX Info: Redefining \ldots on input line 486.
LaTeX Info: Redefining \dots on input line 489.
LaTeX Info: Redefining \cdots on input line 610.
\Mathstrutbox@=\box45
\strutbox@=\box46
\big@size=\dimen137
LaTeX Font Info:    Redeclaring font encoding OML on input line 733.
LaTeX Font Info:    Redeclaring font encoding OMS on input line 734.
\macc@depth=\count181
\c@MaxMatrixCols=\count182
\dotsspace@=\muskip16
\c@parentequation=\count183
\dspbrk@lvl=\count184
\tag@help=\toks17
\row@=\count185
\column@=\count186
\maxfields@=\count187
\andhelp@=\toks18
\eqnshift@=\dimen138
\alignsep@=\dimen139
\tagshift@=\dimen140
\tagwidth@=\dimen141
\totwidth@=\dimen142
\lineht@=\dimen143
\@envbody=\toks19
\multlinegap=\skip50
\multlinetaggap=\skip51
\mathdisplay@stack=\toks20
LaTeX Info: Redefining \[ on input line 2859.
LaTeX Info: Redefining \] on input line 2860.
)
("C:\Program Files\MiKTeX 2.9\tex/generic/iftex\ifxetex.sty"
Package: ifxetex 2019/10/25 v0.7 ifxetex legacy package. Use iftex instead.

("C:\Program Files\MiKTeX 2.9\tex/generic/iftex\iftex.sty"
Package: iftex 2020/03/06 v1.0d TeX engine tests
))
("C:\Program Files\MiKTeX 2.9\tex/generic/iftex\ifluatex.sty"
Package: ifluatex 2019/10/25 v1.5 ifluatex legacy package. Use iftex instead.
)
("C:\Program Files\MiKTeX 2.9\tex/latex/base\fontenc.sty"
Package: fontenc 2020/02/11 v2.0o Standard LaTeX package
LaTeX Font Info:    Trying to load font information for T1+lmr on input line 11
2.

("C:\Program Files\MiKTeX 2.9\tex/latex/lm\t1lmr.fd"
File: t1lmr.fd 2009/10/30 v1.6 Font defs for Latin Modern
))
("C:\Program Files\MiKTeX 2.9\tex/latex/base\inputenc.sty"
Package: inputenc 2018/08/11 v1.3c Input encoding file
\inpenc@prehook=\toks21
\inpenc@posthook=\toks22
)
("C:\Program Files\MiKTeX 2.9\tex/latex/base\textcomp.sty"
Package: textcomp 2020/02/02 v2.0n Standard LaTeX package
)
("C:\Program Files\MiKTeX 2.9\tex/latex/upquote\upquote.sty"
Package: upquote 2012/04/19 v1.3 upright-quote and grave-accent glyphs in verba
tim
)
("C:\Program Files\MiKTeX 2.9\tex/latex/microtype\microtype.sty"
Package: microtype 2019/11/18 v2.7d Micro-typographical refinements (RS)

("C:\Program Files\MiKTeX 2.9\tex/latex/graphics\keyval.sty"
Package: keyval 2014/10/28 v1.15 key=value parser (DPC)
\KV@toks@=\toks23
)
\MT@toks=\toks24
\MT@count=\count188
LaTeX Info: Redefining \textls on input line 790.
\MT@outer@kern=\dimen144
LaTeX Info: Redefining \textmicrotypecontext on input line 1354.
\MT@listname@count=\count189

("C:\Program Files\MiKTeX 2.9\tex/latex/microtype\microtype-pdftex.def"
File: microtype-pdftex.def 2019/11/18 v2.7d Definitions specific to pdftex (RS)

LaTeX Info: Redefining \lsstyle on input line 914.
LaTeX Info: Redefining \lslig on input line 914.
\MT@outer@space=\skip52
)
Package microtype Info: Loading configuration file microtype.cfg.

("C:\Program Files\MiKTeX 2.9\tex/latex/microtype\microtype.cfg"
File: microtype.cfg 2019/11/18 v2.7d microtype main configuration file (RS)
))
("C:\Program Files\MiKTeX 2.9\tex/latex/parskip\parskip.sty"
Package: parskip 2020-01-22 v2.0d non-zero parskip adjustments

("C:\Program Files\MiKTeX 2.9\tex/latex/kvoptions\kvoptions.sty"
Package: kvoptions 2019/11/29 v3.13 Key value format for package options (HO)

("C:\Program Files\MiKTeX 2.9\tex/generic/ltxcmds\ltxcmds.sty"
Package: ltxcmds 2019/12/15 v1.24 LaTeX kernel commands for general use (HO)
)
("C:\Program Files\MiKTeX 2.9\tex/generic/kvsetkeys\kvsetkeys.sty"
Package: kvsetkeys 2019/12/15 v1.18 Key value parser (HO)
))
("C:\Program Files\MiKTeX 2.9\tex/latex/etoolbox\etoolbox.sty"
Package: etoolbox 2019/09/21 v2.5h e-TeX tools for LaTeX (JAW)
\etb@tempcnta=\count190
))
("C:\Program Files\MiKTeX 2.9\tex/latex/xcolor\xcolor.sty"
Package: xcolor 2016/05/11 v2.12 LaTeX color extensions (UK)

("C:\Program Files\MiKTeX 2.9\tex/latex/graphics-cfg\color.cfg"
File: color.cfg 2016/01/02 v1.6 sample color configuration
)
Package xcolor Info: Driver file: pdftex.def on input line 225.

("C:\Program Files\MiKTeX 2.9\tex/latex/graphics-def\pdftex.def"
File: pdftex.def 2018/01/08 v1.0l Graphics/color driver for pdftex
)
Package xcolor Info: Model `cmy' substituted by `cmy0' on input line 1348.
Package xcolor Info: Model `hsb' substituted by `rgb' on input line 1352.
Package xcolor Info: Model `RGB' extended on input line 1364.
Package xcolor Info: Model `HTML' substituted by `rgb' on input line 1366.
Package xcolor Info: Model `Hsb' substituted by `hsb' on input line 1367.
Package xcolor Info: Model `tHsb' substituted by `hsb' on input line 1368.
Package xcolor Info: Model `HSB' substituted by `hsb' on input line 1369.
Package xcolor Info: Model `Gray' substituted by `gray' on input line 1370.
Package xcolor Info: Model `wave' substituted by `hsb' on input line 1371.
)
("C:\Program Files\MiKTeX 2.9\tex/latex/xurl\xurl.sty"
Package: xurl 2020/01/24 v 0.09 modify URL breaks

("C:\Program Files\MiKTeX 2.9\tex/latex/url\url.sty"
\Urlmuskip=\muskip17
Package: url 2013/09/16  ver 3.4  Verb mode for urls, etc.
))
("C:\Program Files\MiKTeX 2.9\tex/latex/bookmark\bookmark.sty"
Package: bookmark 2019/12/03 v1.28 PDF bookmarks (HO)

("C:\Program Files\MiKTeX 2.9\tex/latex/hyperref\hyperref.sty"
Package: hyperref 2020/01/14 v7.00d Hypertext links for LaTeX

("C:\Program Files\MiKTeX 2.9\tex/latex/pdftexcmds\pdftexcmds.sty"
Package: pdftexcmds 2019/11/24 v0.31 Utility functions of pdfTeX for LuaTeX (HO
)

("C:\Program Files\MiKTeX 2.9\tex/generic/infwarerr\infwarerr.sty"
Package: infwarerr 2019/12/03 v1.5 Providing info/warning/error messages (HO)
)
Package pdftexcmds Info: \pdf@primitive is available.
Package pdftexcmds Info: \pdf@ifprimitive is available.
Package pdftexcmds Info: \pdfdraftmode found.
)
("C:\Program Files\MiKTeX 2.9\tex/generic/kvdefinekeys\kvdefinekeys.sty"
Package: kvdefinekeys 2019-12-19 v1.6 Define keys (HO)
)
("C:\Program Files\MiKTeX 2.9\tex/generic/pdfescape\pdfescape.sty"
Package: pdfescape 2019/12/09 v1.15 Implements pdfTeX's escape features (HO)
)
("C:\Program Files\MiKTeX 2.9\tex/latex/hycolor\hycolor.sty"
Package: hycolor 2020-01-27 v1.10 Color options for hyperref/bookmark (HO)
)
("C:\Program Files\MiKTeX 2.9\tex/latex/letltxmacro\letltxmacro.sty"
Package: letltxmacro 2019/12/03 v1.6 Let assignment for LaTeX macros (HO)
)
("C:\Program Files\MiKTeX 2.9\tex/latex/auxhook\auxhook.sty"
Package: auxhook 2019-12-17 v1.6 Hooks for auxiliary files (HO)
)
\@linkdim=\dimen145
\Hy@linkcounter=\count191
\Hy@pagecounter=\count192

("C:\Program Files\MiKTeX 2.9\tex/latex/hyperref\pd1enc.def"
File: pd1enc.def 2020/01/14 v7.00d Hyperref: PDFDocEncoding definition (HO)
Now handling font encoding PD1 ...
... no UTF-8 mapping file for font encoding PD1
)
("C:\Program Files\MiKTeX 2.9\tex/generic/intcalc\intcalc.sty"
Package: intcalc 2019/12/15 v1.3 Expandable calculations with integers (HO)
)
("C:\Program Files\MiKTeX 2.9\tex/generic/etexcmds\etexcmds.sty"
Package: etexcmds 2019/12/15 v1.7 Avoid name clashes with e-TeX commands (HO)
)
\Hy@SavedSpaceFactor=\count193
Package hyperref Info: Option `unicode' set `true' on input line 4421.

("C:\Program Files\MiKTeX 2.9\tex/latex/hyperref\puenc.def"
File: puenc.def 2020/01/14 v7.00d Hyperref: PDF Unicode definition (HO)
Now handling font encoding PU ...
... no UTF-8 mapping file for font encoding PU
)
Package hyperref Info: Hyper figures OFF on input line 4547.
Package hyperref Info: Link nesting OFF on input line 4552.
Package hyperref Info: Hyper index ON on input line 4555.
Package hyperref Info: Plain pages OFF on input line 4562.
Package hyperref Info: Backreferencing OFF on input line 4567.
Package hyperref Info: Implicit mode ON; LaTeX internals redefined.
Package hyperref Info: Bookmarks ON on input line 4800.
\c@Hy@tempcnt=\count194
LaTeX Info: Redefining \url on input line 5159.
\XeTeXLinkMargin=\dimen146

("C:\Program Files\MiKTeX 2.9\tex/generic/bitset\bitset.sty"
Package: bitset 2019/12/09 v1.3 Handle bit-vector datatype (HO)

("C:\Program Files\MiKTeX 2.9\tex/generic/bigintcalc\bigintcalc.sty"
Package: bigintcalc 2019/12/15 v1.5 Expandable calculations on big integers (HO
)
))
\Fld@menulength=\count195
\Field@Width=\dimen147
\Fld@charsize=\dimen148
Package hyperref Info: Hyper figures OFF on input line 6430.
Package hyperref Info: Link nesting OFF on input line 6435.
Package hyperref Info: Hyper index ON on input line 6438.
Package hyperref Info: backreferencing OFF on input line 6445.
Package hyperref Info: Link coloring OFF on input line 6450.
Package hyperref Info: Link coloring with OCG OFF on input line 6455.
Package hyperref Info: PDF/A mode OFF on input line 6460.
LaTeX Info: Redefining \ref on input line 6500.
LaTeX Info: Redefining \pageref on input line 6504.

("C:\Program Files\MiKTeX 2.9\tex/generic/atbegshi\atbegshi.sty"
Package: atbegshi 2019/12/05 v1.19 At begin shipout hook (HO)
)
\Hy@abspage=\count196
\c@Item=\count197
\c@Hfootnote=\count198
)
Package hyperref Info: Driver (autodetected): hpdftex.

("C:\Program Files\MiKTeX 2.9\tex/latex/hyperref\hpdftex.def"
File: hpdftex.def 2020/01/14 v7.00d Hyperref driver for pdfTeX

("C:\Program Files\MiKTeX 2.9\tex/latex/atveryend\atveryend.sty"
Package: atveryend 2019-12-11 v1.11 Hooks at the very end of document (HO)
)
\Fld@listcount=\count199
\c@bookmark@seq@number=\count266

("C:\Program Files\MiKTeX 2.9\tex/latex/rerunfilecheck\rerunfilecheck.sty"
Package: rerunfilecheck 2019/12/05 v1.9 Rerun checks for auxiliary files (HO)

("C:\Program Files\MiKTeX 2.9\tex/generic/uniquecounter\uniquecounter.sty"
Package: uniquecounter 2019/12/15 v1.4 Provide unlimited unique counter (HO)
)
Package uniquecounter Info: New unique counter `rerunfilecheck' on input line 2
86.
)
\Hy@SectionHShift=\skip53
)
("C:\Program Files\MiKTeX 2.9\tex/latex/bookmark\bkm-pdftex.def"
File: bkm-pdftex.def 2019/12/03 v1.28 bookmark driver for pdfTeX (HO)
\BKM@id=\count267
))
("C:\Program Files\MiKTeX 2.9\tex/latex/tools\longtable.sty"
Package: longtable 2020/01/07 v4.13 Multi-page Table package (DPC)
\LTleft=\skip54
\LTright=\skip55
\LTpre=\skip56
\LTpost=\skip57
\LTchunksize=\count268
\LTcapwidth=\dimen149
\LT@head=\box47
\LT@firsthead=\box48
\LT@foot=\box49
\LT@lastfoot=\box50
\LT@cols=\count269
\LT@rows=\count270
\c@LT@tables=\count271
\c@LT@chunks=\count272
\LT@p@ftn=\toks25
)
("C:\Program Files\MiKTeX 2.9\tex/latex/booktabs\booktabs.sty"
Package: booktabs 2020/01/12 v1.61803398 Publication quality tables
\heavyrulewidth=\dimen150
\lightrulewidth=\dimen151
\cmidrulewidth=\dimen152
\belowrulesep=\dimen153
\belowbottomsep=\dimen154
\aboverulesep=\dimen155
\abovetopsep=\dimen156
\cmidrulesep=\dimen157
\cmidrulekern=\dimen158
\defaultaddspace=\dimen159
\@cmidla=\count273
\@cmidlb=\count274
\@aboverulesep=\dimen160
\@belowrulesep=\dimen161
\@thisruleclass=\count275
\@lastruleclass=\count276
\@thisrulewidth=\dimen162
)
("C:\Program Files\MiKTeX 2.9\tex/latex/footnotehyper\footnotehyper.sty"
Package: footnotehyper 2019/11/07 v1.1a hyperref aware footnote.sty (JFB)
\FNH@notes=\box51
\FNH@width=\dimen163
)
("C:\Program Files\MiKTeX 2.9\tex/latex/graphics\graphicx.sty"
Package: graphicx 2019/11/30 v1.2a Enhanced LaTeX Graphics (DPC,SPQR)

("C:\Program Files\MiKTeX 2.9\tex/latex/graphics\graphics.sty"
Package: graphics 2019/11/30 v1.4a Standard LaTeX Graphics (DPC,SPQR)

("C:\Program Files\MiKTeX 2.9\tex/latex/graphics\trig.sty"
Package: trig 2016/01/03 v1.10 sin cos tan (DPC)
)
("C:\Program Files\MiKTeX 2.9\tex/latex/graphics-cfg\graphics.cfg"
File: graphics.cfg 2016/06/04 v1.11 sample graphics configuration
)
Package graphics Info: Driver file: pdftex.def on input line 105.
)
\Gin@req@height=\dimen164
\Gin@req@width=\dimen165
)
("C:\Program Files\MiKTeX 2.9\tex/latex/polski\polski.sty"
Package: polski 2017/05/04 v1.3.4 Polish language package

   Inputenc package detected. Catcodes not changed.
) ("C:\Program Files\MiKTeX 2.9\tex/generic/babel\babel.sty"
Package: babel 2020/02/28 3.41 The Babel package

("C:\Program Files\MiKTeX 2.9\tex/generic/babel\switch.def"
File: switch.def 2020/02/28 3.41 Babel switching mechanism
)
*************************************
* Local config file bblopts.cfg used
*
("C:\Program Files\MiKTeX 2.9\tex/latex/arabi\bblopts.cfg"
File: bblopts.cfg 2005/09/08 v0.1 add Arabic and Farsi to "declared" options of
 babel
)
("C:\Program Files\MiKTeX 2.9\tex/latex/babel-polish\polish.ldf"
Language: polish 2005/03/31 v1.2l Polish support from the babel system

("C:\Program Files\MiKTeX 2.9\tex/generic/babel\babel.def"
File: babel.def 2020/02/28 3.41 Babel common definitions
\babel@savecnt=\count277
\U@D=\dimen166

("C:\Program Files\MiKTeX 2.9\tex/generic/babel\txtbabel.def")
\bbl@readstream=\read2
\bbl@dirlevel=\count278
)
Package babel Info: Making " an active character on input line 83.
\pl@left=\dimen167
\pl@down=\dimen168
\pl@right=\dimen169
\pl@temp=\dimen170
))
("C:\Program Files\MiKTeX 2.9\tex/latex/amscls\amsthm.sty"
Package: amsthm 2017/10/31 v2.20.4
\thm@style=\toks26
\thm@bodyfont=\toks27
\thm@headfont=\toks28
\thm@notefont=\toks29
\thm@headpunct=\toks30
\thm@preskip=\skip58
\thm@postskip=\skip59
\thm@headsep=\skip60
\dth@everypar=\toks31
)
("C:\Program Files\MiKTeX 2.9\tex/latex/natbib\natbib.sty"
Package: natbib 2010/09/13 8.31b (PWD, AO)
\bibhang=\skip61
\bibsep=\skip62
LaTeX Info: Redefining \cite on input line 694.
\c@NAT@ctr=\count279
)
("C:\Program Files\MiKTeX 2.9\tex/latex/l3backend\l3backend-pdfmode.def"
File: l3backend-pdfmode.def 2020-03-12 L3 backend support: PDF mode
\l__kernel_color_stack_int=\count280
\l__pdf_internal_box=\box52
)
(C:/Users\A599131\Documents\Liedboek\_book_post\liedboek.aux)
\openout1 = `liedboek.aux'.

LaTeX Font Info:    Checking defaults for OML/cmm/m/it on input line 109.
LaTeX Font Info:    ... okay on input line 109.
LaTeX Font Info:    Checking defaults for OMS/cmsy/m/n on input line 109.
LaTeX Font Info:    ... okay on input line 109.
LaTeX Font Info:    Checking defaults for OT1/cmr/m/n on input line 109.
LaTeX Font Info:    ... okay on input line 109.
LaTeX Font Info:    Checking defaults for T1/cmr/m/n on input line 109.
LaTeX Font Info:    ... okay on input line 109.
LaTeX Font Info:    Checking defaults for TS1/cmr/m/n on input line 109.
LaTeX Font Info:    ... okay on input line 109.
LaTeX Font Info:    Checking defaults for OMX/cmex/m/n on input line 109.
LaTeX Font Info:    ... okay on input line 109.
LaTeX Font Info:    Checking defaults for U/cmr/m/n on input line 109.
LaTeX Font Info:    ... okay on input line 109.
LaTeX Font Info:    Checking defaults for PD1/pdf/m/n on input line 109.
LaTeX Font Info:    ... okay on input line 109.
LaTeX Font Info:    Checking defaults for PU/pdf/m/n on input line 109.
LaTeX Font Info:    ... okay on input line 109.
LaTeX Info: Redefining \microtypecontext on input line 109.
Package microtype Info: Generating PDF output.
Package microtype Info: Character protrusion enabled (level 2).
Package microtype Info: Using protrusion set `basicmath'.
Package microtype Info: Automatic font expansion enabled (level 2),
(microtype)             stretch: 20, shrink: 20, step: 1, non-selected.
Package microtype Info: Using default expansion set `basictext'.
LaTeX Info: Redefining \showhyphens on input line 109.
Package microtype Info: No adjustment of tracking.
Package microtype Info: No adjustment of interword spacing.
Package microtype Info: No adjustment of character kerning.

("C:\Program Files\MiKTeX 2.9\tex/latex/microtype\mt-cmr.cfg"
File: mt-cmr.cfg 2013/05/19 v2.2 microtype config. file: Computer Modern Roman 
(RS)
)
("C:\Program Files\MiKTeX 2.9\tex/context/base/mkii\supp-pdf.mkii"
[Loading MPS to PDF converter (version 2006.09.02).]
\scratchcounter=\count281
\scratchdimen=\dimen171
\scratchbox=\box53
\nofMPsegments=\count282
\nofMParguments=\count283
\everyMPshowfont=\toks32
\MPscratchCnt=\count284
\MPscratchDim=\dimen172
\MPnumerator=\count285
\makeMPintoPDFobject=\count286
\everyMPtoPDFconversion=\toks33
) ("C:\Program Files\MiKTeX 2.9\tex/latex/epstopdf-pkg\epstopdf-base.sty"
Package: epstopdf-base 2020-01-24 v2.11 Base part for package epstopdf
Package epstopdf-base Info: Redefining graphics rule for `.eps' on input line 4
85.
)
\AtBeginShipoutBox=\box54
Package hyperref Info: Link coloring OFF on input line 109.

("C:\Program Files\MiKTeX 2.9\tex/latex/hyperref\nameref.sty"
Package: nameref 2019/09/16 v2.46 Cross-referencing by name of section

("C:\Program Files\MiKTeX 2.9\tex/latex/refcount\refcount.sty"
Package: refcount 2019/12/15 v3.6 Data extraction from label references (HO)
)
("C:\Program Files\MiKTeX 2.9\tex/generic/gettitlestring\gettitlestring.sty"
Package: gettitlestring 2019/12/15 v1.6 Cleanup title references (HO)
)
\c@section@level=\count287
)
LaTeX Info: Redefining \ref on input line 109.
LaTeX Info: Redefining \pageref on input line 109.
LaTeX Info: Redefining \nameref on input line 109.
LaTeX Font Info:    Trying to load font information for OT1+lmr on input line 1
11.

("C:\Program Files\MiKTeX 2.9\tex/latex/lm\ot1lmr.fd"
File: ot1lmr.fd 2009/10/30 v1.6 Font defs for Latin Modern
)
LaTeX Font Info:    Trying to load font information for OML+lmm on input line 1
11.

("C:\Program Files\MiKTeX 2.9\tex/latex/lm\omllmm.fd"
File: omllmm.fd 2009/10/30 v1.6 Font defs for Latin Modern
)
LaTeX Font Info:    Trying to load font information for OMS+lmsy on input line 
111.

("C:\Program Files\MiKTeX 2.9\tex/latex/lm\omslmsy.fd"
File: omslmsy.fd 2009/10/30 v1.6 Font defs for Latin Modern
)
LaTeX Font Info:    Trying to load font information for OMX+lmex on input line 
111.

("C:\Program Files\MiKTeX 2.9\tex/latex/lm\omxlmex.fd"
File: omxlmex.fd 2009/10/30 v1.6 Font defs for Latin Modern
)
LaTeX Font Info:    External font `lmex10' loaded for size
(Font)              <12> on input line 111.
LaTeX Font Info:    External font `lmex10' loaded for size
(Font)              <8> on input line 111.
LaTeX Font Info:    External font `lmex10' loaded for size
(Font)              <6> on input line 111.
LaTeX Font Info:    Trying to load font information for U+msa on input line 111
.

("C:\Program Files\MiKTeX 2.9\tex/latex/amsfonts\umsa.fd"
File: umsa.fd 2013/01/14 v3.01 AMS symbols A
)
("C:\Program Files\MiKTeX 2.9\tex/latex/microtype\mt-msa.cfg"
File: mt-msa.cfg 2006/02/04 v1.1 microtype config. file: AMS symbols (a) (RS)
)
LaTeX Font Info:    Trying to load font information for U+msb on input line 111
.

("C:\Program Files\MiKTeX 2.9\tex/latex/amsfonts\umsb.fd"
File: umsb.fd 2013/01/14 v3.01 AMS symbols B
)
("C:\Program Files\MiKTeX 2.9\tex/latex/microtype\mt-msb.cfg"
File: mt-msb.cfg 2005/06/01 v1.0 microtype config. file: AMS symbols (b) (RS)
) [1


{C:/Users/A599131/AppData/Local/MiKTeX/2.9/pdftex/config/pdftex.map}] [2

]
(C:/Users\A599131\Documents\Liedboek\_book_post\liedboek.toc
LaTeX Font Info:    External font `lmex10' loaded for size
(Font)              <10> on input line 4.
LaTeX Font Info:    External font `lmex10' loaded for size
(Font)              <7> on input line 4.
LaTeX Font Info:    External font `lmex10' loaded for size
(Font)              <5> on input line 4.
)
\tf@toc=\write3
\openout3 = `liedboek.toc'.

 [3] [4

]
Rozdzia\l  1.
[5] [6

]
Rozdzia\l  2.
<../images/Vijftien-miljoen-mensen.pdf, id=94, 225.84375pt x 225.84375pt>
File: ../images/Vijftien-miljoen-mensen.pdf Graphic file (type pdf)
<use ../images/Vijftien-miljoen-mensen.pdf>
Package pdftex.def Info: ../images/Vijftien-miljoen-mensen.pdf  used on input l
ine 137.
(pdftex.def)             Requested size: 113.85204pt x 113.85204pt.

Underfull \hbox (badness 10000) in paragraph at lines 149--150
[]\T1/lmr/bx/n/10 15 Mil-joen Men-sen
 []

[7 <C:/Users/A599131/Documents/Liedboek/images/Vijftien-miljoen-mensen.pdf>]
LaTeX Font Info:    Trying to load font information for TS1+lmr on input line 3
66.

("C:\Program Files\MiKTeX 2.9\tex/latex/lm\ts1lmr.fd"
File: ts1lmr.fd 2009/10/30 v1.6 Font defs for Latin Modern
)
Underfull \hbox (badness 10000) in paragraph at lines 366--368

 []


Underfull \hbox (badness 10000) in paragraph at lines 368--370

 []


Underfull \hbox (badness 10000) in paragraph at lines 370--372

 []


Underfull \hbox (badness 10000) in paragraph at lines 372--374

 []


Underfull \hbox (badness 10000) in paragraph at lines 374--376

 []


Underfull \hbox (badness 10000) in paragraph at lines 376--378

 []


Underfull \hbox (badness 10000) in paragraph at lines 378--380

 []


Underfull \hbox (badness 10000) in paragraph at lines 380--382

 []


Underfull \hbox (badness 10000) in paragraph at lines 382--384

 []


Underfull \hbox (badness 10000) in paragraph at lines 384--386

 []


Underfull \hbox (badness 10000) in paragraph at lines 386--388

 []

<../images/Avond.pdf, id=107, 225.84375pt x 225.84375pt>
File: ../images/Avond.pdf Graphic file (type pdf)
<use ../images/Avond.pdf>
Package pdftex.def Info: ../images/Avond.pdf  used on input line 396.
(pdftex.def)             Requested size: 113.85204pt x 113.85204pt.

Underfull \hbox (badness 2753) in paragraph at lines 408--409
[]\T1/lmr/bx/n/10 Avond \T1/lmr/m/n/10 (+20) ([]de Groot and
 []


Underfull \hbox (badness 2005) in paragraph at lines 408--409
\T1/lmr/m/n/10 (+20) Ho-len-drów za naj-lep-sz¡
 []

[8] [9 <C:/Users/A599131/Documents/Liedboek/images/Avond.pdf>]
Underfull \hbox (badness 10000) in paragraph at lines 541--543

 []


Underfull \hbox (badness 10000) in paragraph at lines 543--545

 []


Underfull \hbox (badness 10000) in paragraph at lines 545--547

 []


Underfull \hbox (badness 10000) in paragraph at lines 547--549

 []


Underfull \hbox (badness 10000) in paragraph at lines 549--551

 []


Underfull \hbox (badness 10000) in paragraph at lines 551--553

 []


Underfull \hbox (badness 10000) in paragraph at lines 553--555

 []


Underfull \hbox (badness 10000) in paragraph at lines 555--557

 []


Underfull \hbox (badness 10000) in paragraph at lines 557--559

 []


Underfull \hbox (badness 10000) in paragraph at lines 559--561

 []

<../images/Blauwe-dag.pdf, id=124, 225.84375pt x 225.84375pt>
File: ../images/Blauwe-dag.pdf Graphic file (type pdf)
<use ../images/Blauwe-dag.pdf>
Package pdftex.def Info: ../images/Blauwe-dag.pdf  used on input line 569.
(pdftex.def)             Requested size: 113.85204pt x 113.85204pt.
[10] [11 <C:/Users/A599131/Documents/Liedboek/images/Blauwe-dag.pdf>]
Underfull \hbox (badness 10000) in paragraph at lines 726--728

 []


Underfull \hbox (badness 10000) in paragraph at lines 728--730

 []


Underfull \hbox (badness 10000) in paragraph at lines 730--732

 []


Underfull \hbox (badness 10000) in paragraph at lines 732--734

 []


Underfull \hbox (badness 10000) in paragraph at lines 734--736

 []


Underfull \hbox (badness 10000) in paragraph at lines 736--738

 []


Underfull \hbox (badness 10000) in paragraph at lines 738--740

 []


Underfull \hbox (badness 10000) in paragraph at lines 740--742

 []


Underfull \hbox (badness 10000) in paragraph at lines 742--744

 []

<../images/Dromen-zijn-bedrog.pdf, id=140, 225.84375pt x 225.84375pt>
File: ../images/Dromen-zijn-bedrog.pdf Graphic file (type pdf)
<use ../images/Dromen-zijn-bedrog.pdf>
Package pdftex.def Info: ../images/Dromen-zijn-bedrog.pdf  used on input line 7
52.
(pdftex.def)             Requested size: 113.85204pt x 113.85204pt.

Underfull \hbox (badness 3735) in paragraph at lines 764--765
[]\T1/lmr/bx/n/10 Dromen zijn be-drog
 []

[12]
Underfull \hbox (badness 10000) in paragraph at lines 845--847

 []


Underfull \hbox (badness 10000) in paragraph at lines 847--849

 []


Underfull \hbox (badness 10000) in paragraph at lines 849--851

 []


Underfull \hbox (badness 10000) in paragraph at lines 851--853

 []


Underfull \hbox (badness 10000) in paragraph at lines 853--855

 []


Underfull \hbox (badness 10000) in paragraph at lines 855--857

 []

[13 <C:/Users/A599131/Documents/Liedboek/images/Dromen-zijn-bedrog.pdf>]
Underfull \hbox (badness 10000) in paragraph at lines 857--859

 []


Underfull \hbox (badness 10000) in paragraph at lines 859--861

 []


Underfull \hbox (badness 10000) in paragraph at lines 861--863

 []


Underfull \hbox (badness 10000) in paragraph at lines 863--865

 []


Underfull \hbox (badness 10000) in paragraph at lines 865--867

 []

<../images/Duurt-te-lang.pdf, id=156, 225.84375pt x 225.84375pt>
File: ../images/Duurt-te-lang.pdf Graphic file (type pdf)
<use ../images/Duurt-te-lang.pdf>
Package pdftex.def Info: ../images/Duurt-te-lang.pdf  used on input line 875.
(pdftex.def)             Requested size: 113.85204pt x 113.85204pt.

Underfull \hbox (badness 3536) in paragraph at lines 962--966
\T1/lmr/m/n/10 (+20) Spowodowaªem zde-cy-do-wan¡ wi¦k-
 []

[14 <C:/Users/A599131/Documents/Liedboek/images/Duurt-te-lang.pdf>] [15]
Underfull \hbox (badness 10000) in paragraph at lines 1156--1158

 []


Underfull \hbox (badness 10000) in paragraph at lines 1158--1160

 []


Underfull \hbox (badness 10000) in paragraph at lines 1160--1162

 []


Underfull \hbox (badness 10000) in paragraph at lines 1162--1164

 []

<../images/Een-beetje-verliefd.pdf, id=172, 225.84375pt x 225.84375pt>
File: ../images/Een-beetje-verliefd.pdf Graphic file (type pdf)
<use ../images/Een-beetje-verliefd.pdf>
Package pdftex.def Info: ../images/Een-beetje-verliefd.pdf  used on input line 
1172.
(pdftex.def)             Requested size: 113.85204pt x 113.85204pt.

Underfull \hbox (badness 10000) in paragraph at lines 1184--1185
[]\T1/lmr/bx/n/10 Een be-etje ver-liefd
 []


Underfull \hbox (badness 4967) in paragraph at lines 1184--1185
\T1/lmr/m/it/10 (+20) za-ko-chany\T1/lmr/m/n/10 (+20) ] to pio-senka
 []


Underfull \hbox (badness 5862) in paragraph at lines 1184--1185
\T1/lmr/m/n/10 (+20) o nie-speª-nio-nej mi-ªo-±ci
 []

[16]
Underfull \hbox (badness 1348) in paragraph at lines 1285--1289
\T1/lmr/m/n/10 (+20) Musz¦ na chwil¦ wyj±¢, ale za-raz
 []


Underfull \hbox (badness 10000) in paragraph at lines 1297--1299

 []


Underfull \hbox (badness 10000) in paragraph at lines 1299--1301

 []


Underfull \hbox (badness 10000) in paragraph at lines 1301--1303

 []


Underfull \hbox (badness 10000) in paragraph at lines 1303--1305

 []

[17 <C:/Users/A599131/Documents/Liedboek/images/Een-beetje-verliefd.pdf>]
Underfull \hbox (badness 10000) in paragraph at lines 1305--1307

 []

<../images/Het-dorp.pdf, id=188, 225.84375pt x 225.84375pt>
File: ../images/Het-dorp.pdf Graphic file (type pdf)
<use ../images/Het-dorp.pdf>
Package pdftex.def Info: ../images/Het-dorp.pdf  used on input line 1315.
(pdftex.def)             Requested size: 113.85204pt x 113.85204pt.

Underfull \hbox (badness 1708) in paragraph at lines 1327--1328
[]\T1/lmr/bx/n/10 Het dorp \T1/lmr/m/n/10 (+20) ([]Fer-rat and
 []


Underfull \hbox (badness 2951) in paragraph at lines 1428--1432
\T1/lmr/m/it/10 (+20) Byªem dziec-kiem i wie-dzia-ªem na
 []

[18 <C:/Users/A599131/Documents/Liedboek/images/Het-dorp.pdf>]
Underfull \hbox (badness 2951) in paragraph at lines 1532--1536
\T1/lmr/m/it/10 (+20) Byªem dziec-kiem i wie-dzia-ªem na
 []


Underfull \hbox (badness 10000) in paragraph at lines 1648--1650

 []


Underfull \hbox (badness 10000) in paragraph at lines 1650--1652

 []


Underfull \hbox (badness 10000) in paragraph at lines 1652--1654

 []


Underfull \hbox (badness 10000) in paragraph at lines 1654--1656

 []


Underfull \hbox (badness 10000) in paragraph at lines 1656--1658

 []

<../images/Het-is-een-nacht.pdf, id=200, 225.84375pt x 225.84375pt>
File: ../images/Het-is-een-nacht.pdf Graphic file (type pdf)
<use ../images/Het-is-een-nacht.pdf>
Package pdftex.def Info: ../images/Het-is-een-nacht.pdf  used on input line 166
6.
(pdftex.def)             Requested size: 113.85204pt x 113.85204pt.

Underfull \hbox (badness 2856) in paragraph at lines 1678--1679
\T1/lmr/m/n/10 (+20) sp¦-dziª au-tor ze swoj¡
 []

[19] [20 <C:/Users/A599131/Documents/Liedboek/images/Het-is-een-nacht.pdf>]
Underfull \hbox (badness 10000) in paragraph at lines 1847--1849

 []


Underfull \hbox (badness 10000) in paragraph at lines 1849--1851

 []


Underfull \hbox (badness 10000) in paragraph at lines 1851--1853

 []


Underfull \hbox (badness 10000) in paragraph at lines 1853--1855

 []


Underfull \hbox (badness 10000) in paragraph at lines 1855--1857

 []


Underfull \hbox (badness 10000) in paragraph at lines 1857--1859

 []


Underfull \hbox (badness 10000) in paragraph at lines 1859--1861

 []


Underfull \hbox (badness 10000) in paragraph at lines 1861--1863

 []


Underfull \hbox (badness 10000) in paragraph at lines 1863--1865

 []


Underfull \hbox (badness 10000) in paragraph at lines 1865--1867

 []

[21]
Underfull \hbox (badness 10000) in paragraph at lines 1867--1869

 []

<../images/Het-land-van.pdf, id=221, 225.84375pt x 225.84375pt>
File: ../images/Het-land-van.pdf Graphic file (type pdf)
<use ../images/Het-land-van.pdf>
Package pdftex.def Info: ../images/Het-land-van.pdf  used on input line 1877.
(pdftex.def)             Requested size: 113.85204pt x 113.85204pt.

Underfull \hbox (badness 1189) in paragraph at lines 1889--1890
\T1/lmr/m/it/10 (+20) dze-nia\T1/lmr/m/n/10 (+20) ] to gniewna li-ta-
 []


Underfull \hbox (badness 2573) in paragraph at lines 1889--1890
\T1/lmr/m/n/10 (+20) »y-cia w Ho-lan-dii. Oso-
 []

[22 <C:/Users/A599131/Documents/Liedboek/images/Het-land-van.pdf>] [23]
Underfull \hbox (badness 1226) in paragraph at lines 2167--2174
\T1/lmr/m/n/10 (+20) Pochodz¦ z kraju, który tyka jak
 []

[24]
Underfull \hbox (badness 10000) in paragraph at lines 2206--2208

 []


Underfull \hbox (badness 10000) in paragraph at lines 2208--2210

 []


Underfull \hbox (badness 10000) in paragraph at lines 2210--2212

 []


Underfull \hbox (badness 10000) in paragraph at lines 2212--2214

 []


Underfull \hbox (badness 10000) in paragraph at lines 2214--2216

 []


Underfull \hbox (badness 10000) in paragraph at lines 2216--2218

 []


Underfull \hbox (badness 10000) in paragraph at lines 2218--2220

 []


Underfull \hbox (badness 10000) in paragraph at lines 2220--2222

 []


Underfull \hbox (badness 10000) in paragraph at lines 2222--2224

 []


Underfull \hbox (badness 10000) in paragraph at lines 2224--2226

 []

[25]
Underfull \hbox (badness 10000) in paragraph at lines 2226--2228

 []


Underfull \hbox (badness 10000) in paragraph at lines 2228--2230

 []


Underfull \hbox (badness 10000) in paragraph at lines 2230--2232

 []


Underfull \hbox (badness 10000) in paragraph at lines 2232--2234

 []


Underfull \hbox (badness 10000) in paragraph at lines 2234--2236

 []


Underfull \hbox (badness 10000) in paragraph at lines 2236--2238

 []


Underfull \hbox (badness 10000) in paragraph at lines 2238--2240

 []


Underfull \hbox (badness 10000) in paragraph at lines 2240--2242

 []


Underfull \hbox (badness 10000) in paragraph at lines 2242--2244

 []


Underfull \hbox (badness 10000) in paragraph at lines 2244--2246

 []


Underfull \hbox (badness 10000) in paragraph at lines 2246--2248

 []


Underfull \hbox (badness 10000) in paragraph at lines 2248--2250

 []


Underfull \hbox (badness 10000) in paragraph at lines 2250--2252

 []

[26]
<../images/Hij-is-van-mij.pdf, id=251, 225.84375pt x 225.84375pt>
File: ../images/Hij-is-van-mij.pdf Graphic file (type pdf)
<use ../images/Hij-is-van-mij.pdf>
Package pdftex.def Info: ../images/Hij-is-van-mij.pdf  used on input line 2260.

(pdftex.def)             Requested size: 113.85204pt x 113.85204pt.

Overfull \hbox (61.70244pt too wide) has occurred while \output is active
\T1/lmr/m/sl/10 2.10.  HIJ IS VAN MIJ, \T1/lmr/m/n/10 KRIS KROSS AMSTERDAM & MA
AN & TABITHA FT. BIZZEY  27
 []

[27 <C:/Users/A599131/Documents/Liedboek/images/Hij-is-van-mij.pdf>]
Underfull \hbox (badness 10000) in paragraph at lines 2471--2473

 []


Underfull \hbox (badness 10000) in paragraph at lines 2473--2475

 []


Underfull \hbox (badness 10000) in paragraph at lines 2475--2477

 []


Underfull \hbox (badness 10000) in paragraph at lines 2477--2479

 []


Underfull \hbox (badness 10000) in paragraph at lines 2479--2481

 []

<../images/Ik-kan-het-niet-alleen.pdf, id=263, 225.84375pt x 225.84375pt>
File: ../images/Ik-kan-het-niet-alleen.pdf Graphic file (type pdf)
<use ../images/Ik-kan-het-niet-alleen.pdf>
Package pdftex.def Info: ../images/Ik-kan-het-niet-alleen.pdf  used on input li
ne 2489.
(pdftex.def)             Requested size: 113.85204pt x 113.85204pt.
[28] [29 <C:/Users/A599131/Documents/Liedboek/images/Ik-kan-het-niet-alleen.pdf
>]
Underfull \hbox (badness 10000) in paragraph at lines 2738--2740

 []


Underfull \hbox (badness 10000) in paragraph at lines 2740--2742

 []


Underfull \hbox (badness 10000) in paragraph at lines 2742--2744

 []


Underfull \hbox (badness 10000) in paragraph at lines 2744--2746

 []


Underfull \hbox (badness 10000) in paragraph at lines 2746--2748

 []

<../images/Ik-voel-me-zo-verdomd-alleen.pdf, id=278, 225.84375pt x 225.84375pt>

File: ../images/Ik-voel-me-zo-verdomd-alleen.pdf Graphic file (type pdf)
<use ../images/Ik-voel-me-zo-verdomd-alleen.pdf>
Package pdftex.def Info: ../images/Ik-voel-me-zo-verdomd-alleen.pdf  used on in
put line 2756.
(pdftex.def)             Requested size: 113.85204pt x 113.85204pt.
[30] [31 <C:/Users/A599131/Documents/Liedboek/images/Ik-voel-me-zo-verdomd-alle
en.pdf>]
Underfull \hbox (badness 10000) in paragraph at lines 2905--2907

 []


Underfull \hbox (badness 10000) in paragraph at lines 2907--2909

 []


Underfull \hbox (badness 10000) in paragraph at lines 2909--2911

 []


Underfull \hbox (badness 10000) in paragraph at lines 2911--2913

 []


Underfull \hbox (badness 10000) in paragraph at lines 2913--2915

 []


Underfull \hbox (badness 10000) in paragraph at lines 2915--2917

 []


Underfull \hbox (badness 10000) in paragraph at lines 2917--2919

 []


Underfull \hbox (badness 10000) in paragraph at lines 2919--2921

 []


Underfull \hbox (badness 10000) in paragraph at lines 2921--2923

 []


Underfull \hbox (badness 10000) in paragraph at lines 2923--2925

 []


Underfull \hbox (badness 10000) in paragraph at lines 2925--2927

 []

<../images/La-vie-est-belle.pdf, id=296, 225.84375pt x 225.84375pt>
File: ../images/La-vie-est-belle.pdf Graphic file (type pdf)
<use ../images/La-vie-est-belle.pdf>
Package pdftex.def Info: ../images/La-vie-est-belle.pdf  used on input line 293
5.
(pdftex.def)             Requested size: 113.85204pt x 113.85204pt.
[32] [33 <C:/Users/A599131/Documents/Liedboek/images/La-vie-est-belle.pdf>]
Underfull \hbox (badness 10000) in paragraph at lines 3190--3192

 []


Underfull \hbox (badness 10000) in paragraph at lines 3192--3194

 []


Underfull \hbox (badness 10000) in paragraph at lines 3194--3196

 []


Underfull \hbox (badness 10000) in paragraph at lines 3196--3198

 []

[34]
Underfull \hbox (badness 10000) in paragraph at lines 3198--3200

 []

<../images/Leef.pdf, id=317, 225.84375pt x 225.84375pt>
File: ../images/Leef.pdf Graphic file (type pdf)
<use ../images/Leef.pdf>
Package pdftex.def Info: ../images/Leef.pdf  used on input line 3208.
(pdftex.def)             Requested size: 113.85204pt x 113.85204pt.
[35 <C:/Users/A599131/Documents/Liedboek/images/Leef.pdf>]
Underfull \hbox (badness 10000) in paragraph at lines 3359--3361

 []


Underfull \hbox (badness 10000) in paragraph at lines 3361--3363

 []

<../images/Liefs-uit-Londen.pdf, id=329, 225.84375pt x 225.84375pt>
File: ../images/Liefs-uit-Londen.pdf Graphic file (type pdf)
<use ../images/Liefs-uit-Londen.pdf>
Package pdftex.def Info: ../images/Liefs-uit-Londen.pdf  used on input line 337
1.
(pdftex.def)             Requested size: 113.85204pt x 113.85204pt.
[36] [37 <C:/Users/A599131/Documents/Liedboek/images/Liefs-uit-Londen.pdf>]
Underfull \hbox (badness 10000) in paragraph at lines 3568--3570

 []


Underfull \hbox (badness 10000) in paragraph at lines 3570--3572

 []


Underfull \hbox (badness 10000) in paragraph at lines 3572--3574

 []


Underfull \hbox (badness 10000) in paragraph at lines 3574--3576

 []


Underfull \hbox (badness 10000) in paragraph at lines 3576--3578

 []


Underfull \hbox (badness 10000) in paragraph at lines 3578--3580

 []


Underfull \hbox (badness 10000) in paragraph at lines 3580--3582

 []


Underfull \hbox (badness 10000) in paragraph at lines 3582--3584

 []


Underfull \hbox (badness 10000) in paragraph at lines 3584--3586

 []


Underfull \hbox (badness 10000) in paragraph at lines 3586--3588

 []

<../images/Mag-ik-dan-bij-jou.pdf, id=346, 225.84375pt x 225.84375pt>
File: ../images/Mag-ik-dan-bij-jou.pdf Graphic file (type pdf)
<use ../images/Mag-ik-dan-bij-jou.pdf>
Package pdftex.def Info: ../images/Mag-ik-dan-bij-jou.pdf  used on input line 3
596.
(pdftex.def)             Requested size: 113.85204pt x 113.85204pt.

Underfull \hbox (badness 1742) in paragraph at lines 3608--3609
[]\T1/lmr/bx/n/10 Mag ik dan bij jou
 []


Underfull \hbox (badness 10000) in paragraph at lines 3608--3609
\T1/lmr/m/n/10 (+20) ([]de Breij[], []2009[]) [\T1/lmr/m/it/10 (+20) TI-
 []

[38] [39 <C:/Users/A599131/Documents/Liedboek/images/Mag-ik-dan-bij-jou.pdf>]
Underfull \hbox (badness 10000) in paragraph at lines 3773--3775

 []


Underfull \hbox (badness 10000) in paragraph at lines 3775--3777

 []


Underfull \hbox (badness 10000) in paragraph at lines 3777--3779

 []

<../images/Nacht.pdf, id=361, 225.84375pt x 225.84375pt>
File: ../images/Nacht.pdf Graphic file (type pdf)
<use ../images/Nacht.pdf>
Package pdftex.def Info: ../images/Nacht.pdf  used on input line 3787.
(pdftex.def)             Requested size: 113.85204pt x 113.85204pt.
[40] [41 <C:/Users/A599131/Documents/Liedboek/images/Nacht.pdf>]
Underfull \hbox (badness 10000) in paragraph at lines 3980--3982

 []


Underfull \hbox (badness 10000) in paragraph at lines 3982--3984

 []


Underfull \hbox (badness 10000) in paragraph at lines 3984--3986

 []


Underfull \hbox (badness 10000) in paragraph at lines 3986--3988

 []


Underfull \hbox (badness 10000) in paragraph at lines 3988--3990

 []

<../images/Oceaan.pdf, id=379, 225.84375pt x 225.84375pt>
File: ../images/Oceaan.pdf Graphic file (type pdf)
<use ../images/Oceaan.pdf>
Package pdftex.def Info: ../images/Oceaan.pdf  used on input line 3998.
(pdftex.def)             Requested size: 113.85204pt x 113.85204pt.

Underfull \hbox (badness 1033) in paragraph at lines 4010--4011
[]\T1/lmr/bx/n/10 Oceaan \T1/lmr/m/n/10 (+20) ([]Ra-coon[], []2012[])
 []

[42] [43 <C:/Users/A599131/Documents/Liedboek/images/Oceaan.pdf>]
Underfull \hbox (badness 10000) in paragraph at lines 4195--4197

 []

<../images/O-o-Den-Haag.pdf, id=395, 225.84375pt x 225.84375pt>
File: ../images/O-o-Den-Haag.pdf Graphic file (type pdf)
<use ../images/O-o-Den-Haag.pdf>
Package pdftex.def Info: ../images/O-o-Den-Haag.pdf  used on input line 4205.
(pdftex.def)             Requested size: 113.85204pt x 113.85204pt.

Underfull \hbox (badness 3128) in paragraph at lines 4217--4218
\T1/lmr/m/n/10 (+20) nie-ofi-cjalny hymn Hagi.
 []

[44]
Underfull \vbox (badness 10000) has occurred while \output is active []

 [45 <C:/Users/A599131/Documents/Liedboek/images/O-o-Den-Haag.pdf>]
Underfull \hbox (badness 10000) in paragraph at lines 4284--4286

 []


Underfull \hbox (badness 10000) in paragraph at lines 4286--4288

 []


Underfull \hbox (badness 10000) in paragraph at lines 4288--4290

 []

[46]
Underfull \hbox (badness 10000) in paragraph at lines 4290--4292

 []


Underfull \hbox (badness 10000) in paragraph at lines 4292--4294

 []


Underfull \hbox (badness 10000) in paragraph at lines 4294--4296

 []


Underfull \hbox (badness 10000) in paragraph at lines 4296--4298

 []


Underfull \hbox (badness 10000) in paragraph at lines 4298--4300

 []


Underfull \hbox (badness 10000) in paragraph at lines 4300--4302

 []


Underfull \hbox (badness 10000) in paragraph at lines 4302--4304

 []


Underfull \hbox (badness 10000) in paragraph at lines 4304--4306

 []

<../images/Orenmens.pdf, id=415, 225.84375pt x 225.84375pt>
File: ../images/Orenmens.pdf Graphic file (type pdf)
<use ../images/Orenmens.pdf>
Package pdftex.def Info: ../images/Orenmens.pdf  used on input line 4314.
(pdftex.def)             Requested size: 113.85204pt x 113.85204pt.

Underfull \hbox (badness 4569) in paragraph at lines 4326--4327
[]\T1/lmr/bx/n/10 Orenmens \T1/lmr/m/n/10 (+20) ([]???[], []1999[])
 []


Underfull \vbox (badness 10000) has occurred while \output is active []

 [47 <C:/Users/A599131/Documents/Liedboek/images/Orenmens.pdf>]
Underfull \hbox (badness 10000) in paragraph at lines 4443--4445

 []


Underfull \hbox (badness 10000) in paragraph at lines 4445--4447

 []


Underfull \hbox (badness 10000) in paragraph at lines 4447--4449

 []


Underfull \hbox (badness 10000) in paragraph at lines 4449--4451

 []

<../images/Over-de-muur.pdf, id=426, 225.84375pt x 225.84375pt>
File: ../images/Over-de-muur.pdf Graphic file (type pdf)
<use ../images/Over-de-muur.pdf>
Package pdftex.def Info: ../images/Over-de-muur.pdf  used on input line 4459.
(pdftex.def)             Requested size: 113.85204pt x 113.85204pt.
[48] [49 <C:/Users/A599131/Documents/Liedboek/images/Over-de-muur.pdf>]
Underfull \hbox (badness 10000) in paragraph at lines 4686--4688

 []

<../images/Papa.pdf, id=442, 225.84375pt x 225.84375pt>
File: ../images/Papa.pdf Graphic file (type pdf)
<use ../images/Papa.pdf>
Package pdftex.def Info: ../images/Papa.pdf  used on input line 4696.
(pdftex.def)             Requested size: 113.85204pt x 113.85204pt.
[50] [51 <C:/Users/A599131/Documents/Liedboek/images/Papa.pdf>]
Underfull \hbox (badness 10000) in paragraph at lines 4867--4869

 []


Underfull \hbox (badness 10000) in paragraph at lines 4869--4871

 []


Underfull \hbox (badness 10000) in paragraph at lines 4871--4873

 []


Underfull \hbox (badness 10000) in paragraph at lines 4873--4875

 []


Underfull \hbox (badness 10000) in paragraph at lines 4875--4877

 []


Underfull \hbox (badness 10000) in paragraph at lines 4877--4879

 []


Underfull \hbox (badness 10000) in paragraph at lines 4879--4881

 []


Underfull \hbox (badness 10000) in paragraph at lines 4881--4883

 []


Underfull \hbox (badness 10000) in paragraph at lines 4883--4885

 []


Underfull \hbox (badness 10000) in paragraph at lines 4885--4887

 []

<../images/Pastorale.pdf, id=457, 225.84375pt x 225.84375pt>
File: ../images/Pastorale.pdf Graphic file (type pdf)
<use ../images/Pastorale.pdf>
Package pdftex.def Info: ../images/Pastorale.pdf  used on input line 4895.
(pdftex.def)             Requested size: 113.85204pt x 113.85204pt.

Underfull \hbox (badness 10000) in paragraph at lines 4907--4908
[]\T1/lmr/bx/n/10 Pastorale \T1/lmr/m/n/10 (+20) ([]Nijgh and
 []


Underfull \hbox (badness 1038) in paragraph at lines 4907--4908
\T1/lmr/m/it/10 (+20) raªka\T1/lmr/m/n/10 (+20) ] to psy-cho-de-liczna
 []


Underfull \hbox (badness 10000) in paragraph at lines 4907--4908
\T1/lmr/m/n/10 (+20) roz-mowa ziem-skiego
 []


Underfull \hbox (badness 10000) in paragraph at lines 4907--4908
\T1/lmr/m/n/10 (+20) dziecka z po-t¦»-nym
 []

[52] [53 <C:/Users/A599131/Documents/Liedboek/images/Pastorale.pdf>]
Underfull \hbox (badness 10000) in paragraph at lines 5142--5144

 []


Underfull \hbox (badness 10000) in paragraph at lines 5144--5146

 []


Underfull \hbox (badness 10000) in paragraph at lines 5146--5148

 []

<../images/Per-spoor.pdf, id=473, 225.84375pt x 225.84375pt>
File: ../images/Per-spoor.pdf Graphic file (type pdf)
<use ../images/Per-spoor.pdf>
Package pdftex.def Info: ../images/Per-spoor.pdf  used on input line 5156.
(pdftex.def)             Requested size: 113.85204pt x 113.85204pt.

Underfull \hbox (badness 3482) in paragraph at lines 5168--5169
\T1/lmr/bx/n/10 deng) \T1/lmr/m/n/10 (+20) ([]Me-eu-wis[], []1996[])
 []

[54]
Underfull \hbox (badness 1515) in paragraph at lines 5246--5251
[]\T1/lmr/m/n/10 (+20) Siedz¦ w prze-dziale za-kaz pa-le-nia
 []

[55 <C:/Users/A599131/Documents/Liedboek/images/Per-spoor.pdf>]
Underfull \hbox (badness 10000) in paragraph at lines 5337--5339

 []


Underfull \hbox (badness 10000) in paragraph at lines 5339--5341

 []

<../images/Zing-vecht-huil-bid-lach-werk-en-bewonder.pdf, id=489, 225.84375pt x
 225.84375pt>
File: ../images/Zing-vecht-huil-bid-lach-werk-en-bewonder.pdf Graphic file (typ
e pdf)
<use ../images/Zing-vecht-huil-bid-lach-werk-en-bewonder.pdf>
Package pdftex.def Info: ../images/Zing-vecht-huil-bid-lach-werk-en-bewonder.pd
f  used on input line 5349.
(pdftex.def)             Requested size: 113.85204pt x 113.85204pt.
[56]
Overfull \hbox (51.77771pt too wide) has occurred while \output is active
\T1/lmr/m/sl/10 2.25.  ZING, VECHT, HUIL, BID, LACH, WERK EN BEWONDER, \T1/lmr/
m/n/10 RAMSES SHAFFY 57
 []

[57 <C:/Users/A599131/Documents/Liedboek/images/Zing-vecht-huil-bid-lach-werk-e
n-bewonder.pdf>]
Underfull \hbox (badness 10000) in paragraph at lines 5528--5530

 []

[58]
Rozdzia\l  3.
(C:/Users\A599131\Documents\Liedboek\_book_post\liedboek.bbl [59

] [60

] [61])
Package atveryend Info: Empty hook `BeforeClearDocument' on input line 5538.

[62]
Package atveryend Info: Empty hook `AfterLastShipout' on input line 5538.
 (C:/Users\A599131\Documents\Liedboek\_book_post\liedboek.aux)
Package atveryend Info: Executing hook `AtVeryEndDocument' on input line 5538.
Package atveryend Info: Empty hook `AtEndAfterFileList' on input line 5538.
 ) 
Here is how much of TeX's memory you used:
 14373 strings out of 480934
 210563 string characters out of 2909677
 508765 words of memory out of 3000000
 29664 multiletter control sequences out of 15000+200000
 616726 words of font info for 148 fonts, out of 3000000 for 9000
 1141 hyphenation exceptions out of 8191
 41i,6n,42p,917b,478s stack positions out of 5000i,500n,10000p,200000b,50000s
{C:/Program Files/MiKTeX 2.9/fonts/enc/dvips/lm/lm-ts1.enc}{C:/Program Files/
MiKTeX 2.9/fonts/enc/dvips/lm/lm-ec.enc}<C:/Program Files/MiKTeX 2.9/fonts/type
1/public/lm/lmbx10.pfb><C:/Program Files/MiKTeX 2.9/fonts/type1/public/lm/lmbx1
2.pfb><C:/Program Files/MiKTeX 2.9/fonts/type1/public/lm/lmbxi10.pfb><C:/Progra
m Files/MiKTeX 2.9/fonts/type1/public/lm/lmr10.pfb><C:/Program Files/MiKTeX 2.9
/fonts/type1/public/lm/lmr12.pfb><C:/Program Files/MiKTeX 2.9/fonts/type1/publi
c/lm/lmr17.pfb><C:/Program Files/MiKTeX 2.9/fonts/type1/public/lm/lmri10.pfb><C
:/Program Files/MiKTeX 2.9/fonts/type1/public/lm/lmro10.pfb>
Output written on C:/Users\A599131\Documents\Liedboek\_book_post\liedboek.pdf (
62 pages, 521277 bytes).
PDF statistics:
 707 PDF objects out of 1000 (max. 8388607)
 146 named destinations out of 1000 (max. 500000)
 14686 words of extra memory for PDF output out of 17280 (max. 10000000)

